ERROR: <-- (438 ms TIMEOUT -- SY1?) 
Fri Aug  2 18:00:13 2013 ERROR: <-- (438 ms TIMEOUT -- SY2?) 
Fri Aug  2 18:00:14 2013 ERROR: <-- (438 ms TIMEOUT -- CH?) 
Fri Aug  2 18:00:14 2013 ERROR: <-- (438 ms TIMEOUT -- TU?) 
Fri Aug  2 18:00:14 2013 ERROR: <-- (438 ms TIMEOUT -- PT?) 
Fri Aug  2 18:00:15 2013 ERROR: <-- (438 ms TIMEOUT -- PTT?) 
Fri Aug  2 18:00:15 2013 ERROR: <-- (438 ms TIMEOUT -- RF?) 
Fri Aug  2 18:00:16 2013 ERROR: <-- (438 ms TIMEOUT -- RT?) 
Fri Aug  2 18:00:16 2013 ERROR: <-- (437 ms TIMEOUT -- VE1?) 
Fri Aug  2 18:00:21 2013 ERROR: <-- (4297 ms TIMEOUT -- VE3?) 
Fri Aug  2 18:00:21 2013 ERROR: <-- (437 ms TIMEOUT -- VTV01) 
Fri Aug  2 18:00:22 2013 ERROR: <-- (437 ms TIMEOUT -- VTV02) 
Fri Aug  2 18:00:22 2013 ERROR: <-- (437 ms TIMEOUT -- VTV03) 
Fri Aug  2 18:00:23 2013 ERROR: <-- (437 ms TIMEOUT -- VTV04) 
Fri Aug  2 18:00:23 2013 ERROR: <-- (437 ms TIMEOUT -- VTV11) 
Fri Aug  2 18:00:23 2013 ERROR: <-- (437 ms TIMEOUT -- VTV12) 
Fri Aug  2 18:00:24 2013 ERROR: <-- (437 ms TIMEOUT -- VTV13) 
Fri Aug  2 18:00:24 2013 ERROR: <-- (437 ms TIMEOUT -- VTV14) 
Fri Aug  2 18:00:25 2013 ERROR: <-- (437 ms TIMEOUT -- VE0?) 
Fri Aug  2 18:00:25 2013 ERROR: <-- (438 ms TIMEOUT -- CHY1) 
Fri Aug  2 18:00:26 2013 ERROR: <-- (438 ms TIMEOUT -- CHZ1) 
Fri Aug  2 18:00:26 2013 ERROR: <-- (432 ms TIMEOUT -- EAY1) 
Fri Aug  2 18:00:27 2013 ERROR: <-- (437 ms TIMEOUT -- EAZ1) 
Fri Aug  2 18:00:27 2013 ERROR: <-- (438 ms TIMEOUT -- FRY1) 
Fri Aug  2 18:00:28 2013 ERROR: <-- (438 ms TIMEOUT -- FRZ1) 
Fri Aug  2 18:00:28 2013 ERROR: <-- (438 ms TIMEOUT -- LCY1) 
Fri Aug  2 18:00:29 2013 ERROR: <-- (438 ms TIMEOUT -- LCZ1) 
Fri Aug  2 18:00:29 2013 ERROR: <-- (438 ms TIMEOUT -- MOY1) 
Fri Aug  2 18:00:29 2013 ERROR: <-- (438 ms TIMEOUT -- MOZ1) 
Fri Aug  2 18:00:30 2013 ERROR: <-- (438 ms TIMEOUT -- PTY0) 
Fri Aug  2 18:00:30 2013 ERROR: <-- (438 ms TIMEOUT -- PTZ1) 
Fri Aug  2 18:00:31 2013 ERROR: <-- (438 ms TIMEOUT -- RFY1) 
Fri Aug  2 18:00:31 2013 ERROR: <-- (438 ms TIMEOUT -- RFZ1) 
Fri Aug  2 18:00:32 2013 ERROR: <-- (438 ms TIMEOUT -- NB?) 
Fri Aug  2 18:00:32 2013 ERROR: <-- (438 ms TIMEOUT -- FK?) 
Fri Aug  2 18:00:33 2013 ERROR: <-- (438 ms TIMEOUT -- OP?) 
Fri Aug  2 18:00:33 2013 ERROR: <-- (438 ms TIMEOUT -- CC?) 
Fri Aug  2 18:00:34 2013 ERROR: <-- (438 ms TIMEOUT -- CW?) 
Fri Aug  2 18:00:34 2013 ERROR: <-- (438 ms TIMEOUT -- NM?) 
Fri Aug  2 18:00:35 2013 ERROR: <-- (438 ms TIMEOUT -- RL?) 
Fri Aug  2 18:00:35 2013 ERROR: <-- (438 ms TIMEOUT -- RM?) 
Fri Aug  2 18:00:35 2013 ERROR: <-- (438 ms TIMEOUT -- RH?) 
Fri Aug  2 18:00:36 2013 ERROR: <-- (438 ms TIMEOUT -- SY1?) 
Fri Aug  2 18:00:36 2013 ERROR: <-- (438 ms TIMEOUT -- SY2?) 
Fri Aug  2 18:00:37 2013 ERROR: <-- (438 ms TIMEOUT -- CH?) 
Fri Aug  2 18:00:37 2013 ERROR: <-- (438 ms TIMEOUT -- TU?) 
Fri Aug  2 18:00:38 2013 ERROR: <-- (438 ms TIMEOUT -- PT?) 
Fri Aug  2 18:00:38 2013 ERROR: <-- (438 ms TIMEOUT -- PTT?) 
Fri Aug  2 18:00:39 2013 ERROR: <-- (438 ms TIMEOUT -- RF?) 
Fri Aug  2 18:00:39 2013 ERROR: <-- (438 ms TIMEOUT -- RT?) 
Fri Aug  2 18:00:40 2013 ERROR: <-- (437 ms TIMEOUT -- VE1?) 
Fri Aug  2 18:00:44 2013 ERROR: <-- (4297 ms TIMEOUT -- VE3?) 
Fri Aug  2 18:00:44 2013 ERROR: <-- (437 ms TIMEOUT -- VTV01) 
Fri Aug  2 18:00:45 2013 ERROR: <-- (437 ms TIMEOUT -- VTV02) 
Fri Aug  2 18:00:45 2013 ERROR: <-- (437 ms TIMEOUT -- VTV03) 
Fri Aug  2 18:00:46 2013 ERROR: <-- (437 ms TIMEOUT -- VTV04) 
Fri Aug  2 18:00:46 2013 ERROR: <-- (437 ms TIMEOUT -- VTV11) 
Fri Aug  2 18:00:47 2013 ERROR: <-- (437 ms TIMEOUT -- VTV12) 
Fri Aug  2 18:00:47 2013 ERROR: <-- (437 ms TIMEOUT -- VTV13) 
Fri Aug  2 18:00:48 2013 ERROR: <-- (437 ms TIMEOUT -- VTV14) 
Fri Aug  2 18:00:48 2013 ERROR: <-- (437 ms TIMEOUT -- VE0?) 
Fri Aug  2 18:00:49 2013 ERROR: <-- (438 ms TIMEOUT -- CHY1) 
Fri Aug  2 18:00:49 2013 ERROR: <-- (438 ms TIMEOUT -- CHZ1) 
Fri Aug  2 18:00:50 2013 ERROR: <-- (438 ms TIMEOUT -- EAY1) 
Fri Aug  2 18:00:50 2013 ERROR: <-- (438 ms TIMEOUT -- EAZ1) 
Fri Aug  2 18:00:50 2013 ERROR: <-- (438 ms TIMEOUT -- FRY1) 
Fri Aug  2 18:00:51 2013 ERROR: <-- (438 ms TIMEOUT -- FRZ1) 
Fri Aug  2 18:00:51 2013 ERROR: <-- (437 ms TIMEOUT -- LCY1) 
Fri Aug  2 18:00:52 2013 ERROR: <-- (438 ms TIMEOUT -- LCZ1) 
Fri Aug  2 18:00:52 2013 ERROR: <-- (438 ms TIMEOUT -- MOY1) 
Fri Aug  2 18:00:53 2013 ERROR: <-- (438 ms TIMEOUT -- MOZ1) 
Fri Aug  2 18:00:53 2013 ERROR: <-- (438 ms TIMEOUT -- PTY0) 
Fri Aug  2 18:00:54 2013 ERROR: <-- (438 ms TIMEOUT -- PTZ1) 
Fri Aug  2 18:00:54 2013 ERROR: <-- (437 ms TIMEOUT -- RFY1) 
Fri Aug  2 18:00:55 2013 ERROR: <-- (437 ms TIMEOUT -- RFZ1) 
Fri Aug  2 18:00:55 2013 ERROR: <-- (438 ms TIMEOUT -- NB?) 
Fri Aug  2 18:00:56 2013 ERROR: <-- (438 ms TIMEOUT -- FK?) 
Fri Aug  2 18:00:56 2013 ERROR: <-- (438 ms TIMEOUT -- OP?) 
Fri Aug  2 18:00:56 2013 ERROR: <-- (438 ms TIMEOUT -- CC?) 
Fri Aug  2 18:00:57 2013 ERROR: <-- (438 ms TIMEOUT -- CW?) 
Fri Aug  2 18:00:57 2013 ERROR: <-- (438 ms TIMEOUT -- NM?) 
Fri Aug  2 18:00:58 2013 ERROR: <-- (438 ms TIMEOUT -- RL?) 
Fri Aug  2 18:00:58 2013 ERROR: <-- (438 ms TIMEOUT -- RM?) 
Fri Aug  2 18:00:59 2013 ERROR: <-- (438 ms TIMEOUT -- RH?) 
Fri Aug  2 18:00:59 2013 ERROR: <-- (438 ms TIMEOUT -- SY1?) 
Fri Aug  2 18:01:00 2013 ERROR: <-- (438 ms TIMEOUT -- SY2?) 
Fri Aug  2 18:01:00 2013 ERROR: <-- (437 ms TIMEOUT -- CH?) 
Fri Aug  2 18:01:01 2013 ERROR: <-- (437 ms TIMEOUT -- TU?) 
Fri Aug  2 18:01:01 2013 ERROR: <-- (438 ms TIMEOUT -- PT?) 
Fri Aug  2 18:01:02 2013 ERROR: <-- (438 ms TIMEOUT -- PTT?) 
Fri Aug  2 18:01:02 2013 ERROR: <-- (438 ms TIMEOUT -- RF?) 
Fri Aug  2 18:01:02 2013 ERROR: <-- (438 ms TIMEOUT -- RT?) 
Fri Aug  2 18:01:03 2013 ERROR: <-- (437 ms TIMEOUT -- VE1?) 
Fri Aug  2 18:01:07 2013 ERROR: <-- (4297 ms TIMEOUT -- VE3?) 
Fri Aug  2 18:01:08 2013 ERROR: <-- (437 ms TIMEOUT -- VTV01) 
Fri Aug  2 18:01:08 2013 ERROR: <-- (437 ms TIMEOUT -- VTV02) 
Fri Aug  2 18:01:09 2013 ERROR: <-- (437 ms TIMEOUT -- VTV03) 
Fri Aug  2 18:01:09 2013 ERROR: <-- (437 ms TIMEOUT -- VTV04) 
Fri Aug  2 18:01:10 2013 ERROR: <-- (437 ms TIMEOUT -- VTV11) 
Fri Aug  2 18:01:10 2013 ERROR: <-- (437 ms TIMEOUT -- VTV12) 
Fri Aug  2 18:01:10 2013 ERROR: <-- (437 ms TIMEOUT -- VTV13) 
Fri Aug  2 18:01:11 2013 ERROR: <-- (437 ms TIMEOUT -- VTV14) 
Fri Aug  2 18:01:11 2013 ERROR: <-- (437 ms TIMEOUT -- VE0?) 
Fri Aug  2 18:01:12 2013 ERROR: <-- (438 ms TIMEOUT -- CHY1) 
Fri Aug  2 18:01:12 2013 ERROR: <-- (438 ms TIMEOUT -- CHZ1) 
Fri Aug  2 18:01:13 2013 ERROR: <-- (438 ms TIMEOUT -- EAY1) 
Fri Aug  2 18:01:13 2013 ERROR: <-- (438 ms TIMEOUT -- EAZ1) 
Fri Aug  2 18:01:14 2013 ERROR: <-- (438 ms TIMEOUT -- FRY1) 
Fri Aug  2 18:01:14 2013 ERROR: <-- (438 ms TIMEOUT -- FRZ1) 
Fri Aug  2 18:01:15 2013 ERROR: <-- (438 ms TIMEOUT -- LCY1) 
Fri Aug  2 18:01:15 2013 ERROR: <-- (437 ms TIMEOUT -- LCZ1) 
Fri Aug  2 18:01:16 2013 ERROR: <-- (438 ms TIMEOUT -- MOY1) 
Fri Aug  2 18:01:16 2013 ERROR: <-- (438 ms TIMEOUT -- MOZ1) 
Fri Aug  2 18:01:16 2013 ERROR: <-- (438 ms TIMEOUT -- PTY0) 
Fri Aug  2 18:01:17 2013 ERROR: <-- (438 ms TIMEOUT -- PTZ1) 
Fri Aug  2 18:01:17 2013 ERROR: <-- (438 ms TIMEOUT -- RFY1) 
Fri Aug  2 18:01:18 2013 ERROR: <-- (438 ms TIMEOUT -- RFZ1) 
Fri Aug  2 18:01:18 2013 ERROR: <-- (437 ms TIMEOUT -- NB?) 
Fri Aug  2 18:01:19 2013 ERROR: <-- (438 ms TIMEOUT -- FK?) 
Fri Aug  2 18:01:19 2013 ERROR: <-- (438 ms TIMEOUT -- OP?) 
Fri Aug  2 18:01:20 2013 ERROR: <-- (438 ms TIMEOUT -- CC?) 
Fri Aug  2 18:01:20 2013 ERROR: <-- (438 ms TIMEOUT -- CW?) 
Fri Aug  2 18:01:21 2013 ERROR: <-- (438 ms TIMEOUT -- NM?) 
Fri Aug  2 18:01:21 2013 ERROR: <-- (437 ms TIMEOUT -- RL?) 
Fri Aug  2 18:01:22 2013 ERROR: <-- (438 ms TIMEOUT -- RM?) 
Fri Aug  2 18:01:22 2013 ERROR: <-- (438 ms TIMEOUT -- RH?) 
Fri Aug  2 18:01:22 2013 ERROR: <-- (438 ms TIMEOUT -- SY1?) 
Fri Aug  2 18:01:23 2013 ERROR: <-- (438 ms TIMEOUT -- SY2?) 
Fri Aug  2 18:01:23 2013 ERROR: <-- (438 ms TIMEOUT -- CH?) 
Fri Aug  2 18:01:24 2013 ERROR: <-- (438 ms TIMEOUT -- TU?) 
Fri Aug  2 18:01:24 2013 ERROR: <-- (437 ms TIMEOUT -- PT?) 
Fri Aug  2 18:01:25 2013 ERROR: <-- (438 ms TIMEOUT -- PTT?) 
Fri Aug  2 18:01:25 2013 ERROR: <-- (438 ms TIMEOUT -- RF?) 
Fri Aug  2 18:01:26 2013 ERROR: <-- (438 ms TIMEOUT -- RT?) 
Fri Aug  2 18:01:26 2013 ERROR: <-- (437 ms TIMEOUT -- VE1?) 
Fri Aug  2 18:01:31 2013 ERROR: <-- (4297 ms TIMEOUT -- VE3?) 
Fri Aug  2 18:01:31 2013 ERROR: <-- (432 ms TIMEOUT -- VTV01) 
Fri Aug  2 18:01:31 2013 ERROR: <-- (437 ms TIMEOUT -- VTV02) 
Fri Aug  2 18:01:32 2013 ERROR: <-- (437 ms TIMEOUT -- VTV03) 
Fri Aug  2 18:01:32 2013 ERROR: <-- (437 ms TIMEOUT -- VTV04) 
Fri Aug  2 18:01:33 2013 ERROR: <-- (437 ms TIMEOUT -- VTV11) 
Fri Aug  2 18:01:33 2013 ERROR: <-- (437 ms TIMEOUT -- VTV12) 
Fri Aug  2 18:01:34 2013 ERROR: <-- (437 ms TIMEOUT -- VTV13) 
Fri Aug  2 18:01:34 2013 ERROR: <-- (437 ms TIMEOUT -- VTV14) 
Fri Aug  2 18:01:35 2013 ERROR: <-- (437 ms TIMEOUT -- VE0?) 
Fri Aug  2 18:01:35 2013 ERROR: <-- (437 ms TIMEOUT -- CHY1) 
Fri Aug  2 18:01:36 2013 ERROR: <-- (437 ms TIMEOUT -- CHZ1) 
Fri Aug  2 18:01:36 2013 ERROR: <-- (438 ms TIMEOUT -- EAY1) 
Fri Aug  2 18:01:37 2013 ERROR: <-- (438 ms TIMEOUT -- EAZ1) 
Fri Aug  2 18:01:37 2013 ERROR: <-- (438 ms TIMEOUT -- FRY1) 
Fri Aug  2 18:01:37 2013 ERROR: <-- (438 ms TIMEOUT -- FRZ1) 
Fri Aug  2 18:01:38 2013 ERROR: <-- (438 ms TIMEOUT -- LCY1) 
Fri Aug  2 18:01:38 2013 ERROR: <-- (438 ms TIMEOUT -- LCZ1) 
Fri Aug  2 18:01:39 2013 ERROR: <-- (438 ms TIMEOUT -- MOY1) 
Fri Aug  2 18:01:39 2013 ERROR: <-- (438 ms TIMEOUT -- MOZ1) 
Fri Aug  2 18:01:40 2013 ERROR: <-- (438 ms TIMEOUT -- PTY0) 
Fri Aug  2 18:01:40 2013 ERROR: <-- (438 ms TIMEOUT -- PTZ1) 
Fri Aug  2 18:01:41 2013 ERROR: <-- (438 ms TIMEOUT -- RFY1) 
Fri Aug  2 18:01:41 2013 ERROR: <-- (438 ms TIMEOUT -- RFZ1) 
Fri Aug  2 18:01:42 2013 ERROR: <-- (438 ms TIMEOUT -- NB?) 
Fri Aug  2 18:01:42 2013 ERROR: <-- (438 ms TIMEOUT -- FK?) 
Fri Aug  2 18:01:43 2013 ERROR: <-- (438 ms TIMEOUT -- OP?) 
Fri Aug  2 18:01:43 2013 ERROR: <-- (438 ms TIMEOUT -- CC?) 
Fri Aug  2 18:01:43 2013 ERROR: <-- (438 ms TIMEOUT -- CW?) 
Fri Aug  2 18:01:44 2013 ERROR: <-- (438 ms TIMEOUT -- NM?) 
Fri Aug  2 18:01:44 2013 ERROR: <-- (438 ms TIMEOUT -- RL?) 
Fri Aug  2 18:01:45 2013 ERROR: <-- (438 ms TIMEOUT -- RM?) 
Fri Aug  2 18:01:45 2013 ERROR: <-- (438 ms TIMEOUT -- RH?) 
Fri Aug  2 18:01:46 2013 ERROR: <-- (438 ms TIMEOUT -- SY1?) 
Fri Aug  2 18:01:46 2013 ERROR: <-- (438 ms TIMEOUT -- SY2?) 
Fri Aug  2 18:01:47 2013 ERROR: <-- (437 ms TIMEOUT -- CH?) 
Fri Aug  2 18:01:47 2013 ERROR: <-- (438 ms TIMEOUT -- TU?) 
Fri Aug  2 18:01:48 2013 ERROR: <-- (438 ms TIMEOUT -- PT?) 
Fri Aug  2 18:01:48 2013 ERROR: <-- (438 ms TIMEOUT -- PTT?) 
Fri Aug  2 18:01:49 2013 ERROR: <-- (438 ms TIMEOUT -- RF?) 
Fri Aug  2 18:01:49 2013 ERROR: <-- (438 ms TIMEOUT -- RT?) 
Fri Aug  2 18:01:49 2013 ERROR: <-- (437 ms TIMEOUT -- VE1?) 
Fri Aug  2 18:01:54 2013 ERROR: <-- (4297 ms TIMEOUT -- VE3?) 
Fri Aug  2 18:01:54 2013 ERROR: <-- (437 ms TIMEOUT -- VTV01) 
Fri Aug  2 18:01:55 2013 ERROR: <-- (437 ms TIMEOUT -- VTV02) 
Fri Aug  2 18:01:55 2013 ERROR: <-- (437 ms TIMEOUT -- VTV03) 
Fri Aug  2 18:01:56 2013 ERROR: <-- (437 ms TIMEOUT -- VTV04) 
Fri Aug  2 18:01:56 2013 ERROR: <-- (437 ms TIMEOUT -- VTV11) 
Fri Aug  2 18:01:57 2013 ERROR: <-- (437 ms TIMEOUT -- VTV12) 
Fri Aug  2 18:01:57 2013 ERROR: <-- (437 ms TIMEOUT -- VTV13) 
Fri Aug  2 18:01:57 2013 ERROR: <-- (437 ms TIMEOUT -- VTV14) 
Fri Aug  2 18:01:58 2013 ERROR: <-- (437 ms TIMEOUT -- VE0?) 
Fri Aug  2 18:01:58 2013 ERROR: <-- (438 ms TIMEOUT -- CHY1) 
Fri Aug  2 18:01:59 2013 ERROR: <-- (438 ms TIMEOUT -- CHZ1) 
Fri Aug  2 18:01:59 2013 ERROR: <-- (438 ms TIMEOUT -- EAY1) 
Fri Aug  2 18:02:00 2013 ERROR: <-- (438 ms TIMEOUT -- EAZ1) 
Fri Aug  2 18:02:00 2013 ERROR: <-- (438 ms TIMEOUT -- FRY1) 
Fri Aug  2 18:02:01 2013 ERROR: <-- (438 ms TIMEOUT -- FRZ1) 
Fri Aug  2 18:02:01 2013 ERROR: <-- (438 ms TIMEOUT -- LCY1) 
Fri Aug  2 18:02:02 2013 ERROR: <-- (438 ms TIMEOUT -- LCZ1) 
Fri Aug  2 18:02:02 2013 ERROR: <-- (438 ms TIMEOUT -- MOY1) 
Fri Aug  2 18:02:03 2013 ERROR: <-- (438 ms TIMEOUT -- MOZ1) 
Fri Aug  2 18:02:03 2013 ERROR: <-- (438 ms TIMEOUT -- PTY0) 
Fri Aug  2 18:02:03 2013 ERROR: <-- (438 ms TIMEOUT -- PTZ1) 
Fri Aug  2 18:02:04 2013 ERROR: <-- (438 ms TIMEOUT -- RFY1) 
Fri Aug  2 18:02:04 2013 ERROR: <-- (438 ms TIMEOUT -- RFZ1) 
Fri Aug  2 18:02:05 2013 ERROR: <-- (438 ms TIMEOUT -- NB?) 
Fri Aug  2 18:02:05 2013 ERROR: <-- (438 ms TIMEOUT -- FK?) 
Fri Aug  2 18:02:06 2013 ERROR: <-- (438 ms TIMEOUT -- OP?) 
Fri Aug  2 18:02:06 2013 ERROR: <-- (438 ms TIMEOUT -- CC?) 
Fri Aug  2 18:02:07 2013 ERROR: <-- (438 ms TIMEOUT -- CW?) 
Fri Aug  2 18:02:07 2013 ERROR: <-- (438 ms TIMEOUT -- NM?) 
Fri Aug  2 18:02:08 2013 ERROR: <-- (438 ms TIMEOUT -- RL?) 
Fri Aug  2 18:02:08 2013 ERROR: <-- (438 ms TIMEOUT -- RM?) 
Fri Aug  2 18:02:09 2013 ERROR: <-- (437 ms TIMEOUT -- RH?) 
Fri Aug  2 18:02:09 2013 ERROR: <-- (438 ms TIMEOUT -- SY1?) 
Fri Aug  2 18:02:10 2013 ERROR: <-- (438 ms TIMEOUT -- SY2?) 
Fri Aug  2 18:02:10 2013 ERROR: <-- (437 ms TIMEOUT -- CH?) 
Fri Aug  2 18:02:10 2013 ERROR: <-- (438 ms TIMEOUT -- TU?) 
Fri Aug  2 18:02:11 2013 ERROR: <-- (438 ms TIMEOUT -- PT?) 
Fri Aug  2 18:02:11 2013 ERROR: <-- (438 ms TIMEOUT -- PTT?) 
Fri Aug  2 18:02:12 2013 ERROR: <-- (438 ms TIMEOUT -- RF?) 
Fri Aug  2 18:02:12 2013 ERROR: <-- (438 ms TIMEOUT -- RT?) 
Fri Aug  2 18:02:13 2013 ERROR: <-- (437 ms TIMEOUT -- VE1?) 
Fri Aug  2 18:02:17 2013 ERROR: <-- (4297 ms TIMEOUT -- VE3?) 
Fri Aug  2 18:02:18 2013 ERROR: <-- (437 ms TIMEOUT -- VTV01) 
Fri Aug  2 18:02:18 2013 ERROR: <-- (437 ms TIMEOUT -- VTV02) 
Fri Aug  2 18:02:18 2013 ERROR: <-- (437 ms TIMEOUT -- VTV03) 
Fri Aug  2 18:02:19 2013 ERROR: <-- (437 ms TIMEOUT -- VTV04) 
Fri Aug  2 18:02:19 2013 ERROR: <-- (437 ms TIMEOUT -- VTV11) 
Fri Aug  2 18:02:20 2013 ERROR: <-- (437 ms TIMEOUT -- VTV12) 
Fri Aug  2 18:02:20 2013 ERROR: <-- (437 ms TIMEOUT -- VTV13) 
Fri Aug  2 18:02:21 2013 ERROR: <-- (437 ms TIMEOUT -- VTV14) 
Fri Aug  2 18:02:21 2013 ERROR: <-- (437 ms TIMEOUT -- VE0?) 
Fri Aug  2 18:02:22 2013 ERROR: <-- (437 ms TIMEOUT -- CHY1) 
Fri Aug  2 18:02:22 2013 ERROR: <-- (438 ms TIMEOUT -- CHZ1) 
Fri Aug  2 18:02:23 2013 ERROR: <-- (438 ms TIMEOUT -- EAY1) 
Fri Aug  2 18:02:23 2013 ERROR: <-- (437 ms TIMEOUT -- EAZ1) 
Fri Aug  2 18:02:24 2013 ERROR: <-- (438 ms TIMEOUT -- FRY1) 
Fri Aug  2 18:02:24 2013 ERROR: <-- (438 ms TIMEOUT -- FRZ1) 
Fri Aug  2 18:02:24 2013 ERROR: <-- (438 ms TIMEOUT -- LCY1) 
Fri Aug  2 18:02:25 2013 ERROR: <-- (438 ms TIMEOUT -- LCZ1) 
Fri Aug  2 18:02:25 2013 ERROR: <-- (438 ms TIMEOUT -- MOY1) 
Fri Aug  2 18:02:26 2013 ERROR: <-- (438 ms TIMEOUT -- MOZ1) 
Fri Aug  2 18:02:26 2013 ERROR: <-- (438 ms TIMEOUT -- PTY0) 
Fri Aug  2 18:02:27 2013 ERROR: <-- (436 ms TIMEOUT -- PTZ1) 
Fri Aug  2 18:02:27 2013 ERROR: <-- (438 ms TIMEOUT -- RFY1) 
Fri Aug  2 18:02:28 2013 ERROR: <-- (438 ms TIMEOUT -- RFZ1) 
Fri Aug  2 18:02:28 2013 ERROR: <-- (438 ms TIMEOUT -- NB?) 
Fri Aug  2 18:02:29 2013 ERROR: <-- (438 ms TIMEOUT -- FK?) 
Fri Aug  2 18:02:29 2013 ERROR: <-- (437 ms TIMEOUT -- OP?) 
Fri Aug  2 18:02:30 2013 ERROR: <-- (438 ms TIMEOUT -- CC?) 
Fri Aug  2 18:02:30 2013 ERROR: <-- (438 ms TIMEOUT -- CW?) 
Fri Aug  2 18:02:30 2013 ERROR: <-- (438 ms TIMEOUT -- NM?) 
Fri Aug  2 18:02:31 2013 ERROR: <-- (438 ms TIMEOUT -- RL?) 
Fri Aug  2 18:02:31 2013 ERROR: <-- (438 ms TIMEOUT -- RM?) 
Fri Aug  2 18:02:32 2013 ERROR: <-- (432 ms TIMEOUT -- RH?) 
Fri Aug  2 18:02:32 2013 ERROR: <-- (437 ms TIMEOUT -- SY1?) 
Fri Aug  2 18:02:33 2013 ERROR: <-- (438 ms TIMEOUT -- SY2?) 
Fri Aug  2 18:02:33 2013 ERROR: <-- (438 ms TIMEOUT -- CH?) 
Fri Aug  2 18:02:34 2013 ERROR: <-- (438 ms TIMEOUT -- TU?) 
Fri Aug  2 18:02:34 2013 ERROR: <-- (438 ms TIMEOUT -- PT?) 
Fri Aug  2 18:02:35 2013 ERROR: <-- (438 ms TIMEOUT -- PTT?) 
Fri Aug  2 18:02:35 2013 ERROR: <-- (437 ms TIMEOUT -- RF?) 
Fri Aug  2 18:02:36 2013 ERROR: <-- (438 ms TIMEOUT -- RT?) 
Fri Aug  2 18:02:36 2013 ERROR: <-- (437 ms TIMEOUT -- VE1?) 
Fri Aug  2 18:02:40 2013 ERROR: <-- (4297 ms TIMEOUT -- VE3?) 
Fri Aug  2 18:02:41 2013 ERROR: <-- (437 ms TIMEOUT -- VTV01) 
Fri Aug  2 18:02:41 2013 ERROR: <-- (437 ms TIMEOUT -- VTV02) 
Fri Aug  2 18:02:42 2013 ERROR: <-- (437 ms TIMEOUT -- VTV03) 
Fri Aug  2 18:02:42 2013 ERROR: <-- (437 ms TIMEOUT -- VTV04) 
Fri Aug  2 18:02:43 2013 ERROR: <-- (437 ms TIMEOUT -- VTV11) 
Fri Aug  2 18:02:43 2013 ERROR: <-- (437 ms TIMEOUT -- VTV12) 
Fri Aug  2 18:02:44 2013 ERROR: <-- (437 ms TIMEOUT -- VTV13) 
Fri Aug  2 18:02:44 2013 ERROR: <-- (437 ms TIMEOUT -- VTV14) 
Fri Aug  2 18:02:45 2013 ERROR: <-- (437 ms TIMEOUT -- VE0?) 
Fri Aug  2 18:02:45 2013 ERROR: <-- (438 ms TIMEOUT -- CHY1) 
Fri Aug  2 18:02:45 2013 ERROR: <-- (438 ms TIMEOUT -- CHZ1) 
Fri Aug  2 18:02:46 2013 ERROR: <-- (438 ms TIMEOUT -- EAY1) 
Fri Aug  2 18:02:46 2013 ERROR: <-- (438 ms TIMEOUT -- EAZ1) 
Fri Aug  2 18:02:47 2013 ERROR: <-- (438 ms TIMEOUT -- FRY1) 
Fri Aug  2 18:02:47 2013 ERROR: <-- (438 ms TIMEOUT -- FRZ1) 
Fri Aug  2 18:02:48 2013 ERROR: <-- (437 ms TIMEOUT -- LCY1) 
Fri Aug  2 18:02:48 2013 ERROR: <-- (438 ms TIMEOUT -- LCZ1) 
Fri Aug  2 18:02:49 2013 ERROR: <-- (438 ms TIMEOUT -- MOY1) 
Fri Aug  2 18:02:49 2013 ERROR: <-- (437 ms TIMEOUT -- MOZ1) 
Fri Aug  2 18:02:50 2013 ERROR: <-- (437 ms TIMEOUT -- PTY0) 
Fri Aug  2 18:02:50 2013 ERROR: <-- (438 ms TIMEOUT -- PTZ1) 
Fri Aug  2 18:02:51 2013 ERROR: <-- (438 ms TIMEOUT -- RFY1) 
Fri Aug  2 18:02:51 2013 ERROR: <-- (438 ms TIMEOUT -- RFZ1) 
Fri Aug  2 18:02:51 2013 ERROR: <-- (438 ms TIMEOUT -- NB?) 
Fri Aug  2 18:02:52 2013 ERROR: <-- (438 ms TIMEOUT -- FK?) 
Fri Aug  2 18:02:52 2013 ERROR: <-- (438 ms TIMEOUT -- OP?) 
Fri Aug  2 18:02:53 2013 ERROR: <-- (438 ms TIMEOUT -- CC?) 
Fri Aug  2 18:02:53 2013 ERROR: <-- (438 ms TIMEOUT -- CW?) 
Fri Aug  2 18:02:54 2013 ERROR: <-- (438 ms TIMEOUT -- NM?) 
Fri Aug  2 18:02:54 2013 ERROR: <-- (438 ms TIMEOUT -- RL?) 
Fri Aug  2 18:02:55 2013 ERROR: <-- (438 ms TIMEOUT -- RM?) 
Fri Aug  2 18:02:55 2013 ERROR: <-- (438 ms TIMEOUT -- RH?) 
Fri Aug  2 18:02:56 2013 ERROR: <-- (438 ms TIMEOUT -- SY1?) 
Fri Aug  2 18:02:56 2013 ERROR: <-- (438 ms TIMEOUT -- SY2?) 
Fri Aug  2 18:02:57 2013 ERROR: <-- (438 ms TIMEOUT -- CH?) 
Fri Aug  2 18:02:57 2013 ERROR: <-- (438 ms TIMEOUT -- TU?) 
Fri Aug  2 18:02:57 2013 ERROR: <-- (438 ms TIMEOUT -- PT?) 
Fri Aug  2 18:02:58 2013 ERROR: <-- (438 ms TIMEOUT -- PTT?) 
Fri Aug  2 18:02:58 2013 ERROR: <-- (438 ms TIMEOUT -- RF?) 
Fri Aug  2 18:02:59 2013 ERROR: <-- (438 ms TIMEOUT -- RT?) 
Fri Aug  2 18:02:59 2013 ERROR: <-- (437 ms TIMEOUT -- VE1?) 
Fri Aug  2 18:03:04 2013 ERROR: <-- (4297 ms TIMEOUT -- VE3?) 
Fri Aug  2 18:03:04 2013 ERROR: <-- (437 ms TIMEOUT -- VTV01) 
Fri Aug  2 18:03:05 2013 ERROR: <-- (437 ms TIMEOUT -- VTV02) 
Fri Aug  2 18:03:05 2013 ERROR: <-- (437 ms TIMEOUT -- VTV03) 
Fri Aug  2 18:03:05 2013 ERROR: <-- (437 ms TIMEOUT -- VTV04) 
Fri Aug  2 18:03:06 2013 ERROR: <-- (437 ms TIMEOUT -- VTV11) 
Fri Aug  2 18:03:06 2013 ERROR: <-- (437 ms TIMEOUT -- VTV12) 
Fri Aug  2 18:03:07 2013 ERROR: <-- (437 ms TIMEOUT -- VTV13) 
Fri Aug  2 18:03:07 2013 ERROR: <-- (437 ms TIMEOUT -- VTV14) 
Fri Aug  2 18:03:08 2013 ERROR: <-- (437 ms TIMEOUT -- VE0?) 
Fri Aug  2 18:03:08 2013 ERROR: <-- (438 ms TIMEOUT -- CHY1) 
Fri Aug  2 18:03:09 2013 ERROR: <-- (438 ms TIMEOUT -- CHZ1) 
Fri Aug  2 18:03:09 2013 ERROR: <-- (438 ms TIMEOUT -- EAY1) 
Fri Aug  2 18:03:10 2013 ERROR: <-- (438 ms TIMEOUT -- EAZ1) 
Fri Aug  2 18:03:10 2013 ERROR: <-- (438 ms TIMEOUT -- FRY1) 
Fri Aug  2 18:03:11 2013 ERROR: <-- (438 ms TIMEOUT -- FRZ1) 
Fri Aug  2 18:03:11 2013 ERROR: <-- (438 ms TIMEOUT -- LCY1) 
Fri Aug  2 18:03:11 2013 ERROR: <-- (438 ms TIMEOUT -- LCZ1) 
Fri Aug  2 18:03:12 2013 ERROR: <-- (438 ms TIMEOUT -- MOY1) 
Fri Aug  2 18:03:12 2013 ERROR: <-- (438 ms TIMEOUT -- MOZ1) 
Fri Aug  2 18:03:13 2013 ERROR: <-- (438 ms TIMEOUT -- PTY0) 
Fri Aug  2 18:03:13 2013 ERROR: <-- (437 ms TIMEOUT -- PTZ1) 
Fri Aug  2 18:03:14 2013 ERROR: <-- (438 ms TIMEOUT -- RFY1) 
Fri Aug  2 18:03:14 2013 ERROR: <-- (438 ms TIMEOUT -- RFZ1) 
Fri Aug  2 18:03:15 2013 ERROR: <-- (438 ms TIMEOUT -- NB?) 
Fri Aug  2 18:03:15 2013 ERROR: <-- (438 ms TIMEOUT -- FK?) 
Fri Aug  2 18:03:16 2013 ERROR: <-- (438 ms TIMEOUT -- OP?) 
Fri Aug  2 18:03:16 2013 ERROR: <-- (438 ms TIMEOUT -- CC?) 
Fri Aug  2 18:03:17 2013 ERROR: <-- (438 ms TIMEOUT -- CW?) 
Fri Aug  2 18:03:17 2013 ERROR: <-- (438 ms TIMEOUT -- NM?) 
Fri Aug  2 18:03:17 2013 ERROR: <-- (438 ms TIMEOUT -- RL?) 
Fri Aug  2 18:03:18 2013 ERROR: <-- (438 ms TIMEOUT -- RM?) 
Fri Aug  2 18:03:18 2013 ERROR: <-- (438 ms TIMEOUT -- RH?) 
Fri Aug  2 18:03:19 2013 ERROR: <-- (438 ms TIMEOUT -- SY1?) 
Fri Aug  2 18:03:19 2013 ERROR: <-- (438 ms TIMEOUT -- SY2?) 
Fri Aug  2 18:03:20 2013 ERROR: <-- (438 ms TIMEOUT -- CH?) 
Fri Aug  2 18:03:20 2013 ERROR: <-- (438 ms TIMEOUT -- TU?) 
Fri Aug  2 18:03:21 2013 ERROR: <-- (438 ms TIMEOUT -- PT?) 
Fri Aug  2 18:03:21 2013 ERROR: <-- (438 ms TIMEOUT -- PTT?) 
Fri Aug  2 18:03:22 2013 ERROR: <-- (438 ms TIMEOUT -- RF?) 
Fri Aug  2 18:03:22 2013 ERROR: <-- (438 ms TIMEOUT -- RT?) 
Fri Aug  2 18:03:23 2013 ERROR: <-- (437 ms TIMEOUT -- VE1?) 
Fri Aug  2 18:03:27 2013 ERROR: <-- (4297 ms TIMEOUT -- VE3?) 
Fri Aug  2 18:03:27 2013 ERROR: <-- (437 ms TIMEOUT -- VTV01) 
Fri Aug  2 18:03:28 2013 ERROR: <-- (437 ms TIMEOUT -- VTV02) 
Fri Aug  2 18:03:28 2013 ERROR: <-- (437 ms TIMEOUT -- VTV03) 
Fri Aug  2 18:03:29 2013 ERROR: <-- (437 ms TIMEOUT -- VTV04) 
Fri Aug  2 18:03:29 2013 ERROR: <-- (437 ms TIMEOUT -- VTV11) 
Fri Aug  2 18:03:30 2013 ERROR: <-- (437 ms TIMEOUT -- VTV12) 
Fri Aug  2 18:03:30 2013 ERROR: <-- (437 ms TIMEOUT -- VTV13) 
Fri Aug  2 18:03:31 2013 ERROR: <-- (437 ms TIMEOUT -- VTV14) 
Fri Aug  2 18:03:31 2013 ERROR: <-- (438 ms TIMEOUT -- VE0?) 
Fri Aug  2 18:03:32 2013 ERROR: <-- (438 ms TIMEOUT -- CHY1) 
Fri Aug  2 18:03:32 2013 ERROR: <-- (438 ms TIMEOUT -- CHZ1) 
Fri Aug  2 18:03:32 2013 ERROR: <-- (432 ms TIMEOUT -- EAY1) 
Fri Aug  2 18:03:33 2013 ERROR: <-- (438 ms TIMEOUT -- EAZ1) 
Fri Aug  2 18:03:33 2013 ERROR: <-- (438 ms TIMEOUT -- FRY1) 
Fri Aug  2 18:03:34 2013 ERROR: <-- (438 ms TIMEOUT -- FRZ1) 
Fri Aug  2 18:03:34 2013 ERROR: <-- (438 ms TIMEOUT -- LCY1) 
Fri Aug  2 18:03:35 2013 ERROR: <-- (438 ms TIMEOUT -- LCZ1) 
Fri Aug  2 18:03:35 2013 ERROR: <-- (438 ms TIMEOUT -- MOY1) 
Fri Aug  2 18:03:36 2013 ERROR: <-- (438 ms TIMEOUT -- MOZ1) 
Fri Aug  2 18:03:36 2013 ERROR: <-- (438 ms TIMEOUT -- PTY0) 
Fri Aug  2 18:03:37 2013 ERROR: <-- (438 ms TIMEOUT -- PTZ1) 
Fri Aug  2 18:03:37 2013 ERROR: <-- (437 ms TIMEOUT -- RFY1) 
Fri Aug  2 18:03:38 2013 ERROR: <-- (438 ms TIMEOUT -- RFZ1) 
Fri Aug  2 18:03:38 2013 ERROR: <-- (438 ms TIMEOUT -- NB?) 
Fri Aug  2 18:03:38 2013 ERROR: <-- (438 ms TIMEOUT -- FK?) 
Fri Aug  2 18:03:39 2013 ERROR: <-- (438 ms TIMEOUT -- OP?) 
Fri Aug  2 18:03:39 2013 ERROR: <-- (438 ms TIMEOUT -- CC?) 
Fri Aug  2 18:03:40 2013 ERROR: <-- (438 ms TIMEOUT -- CW?) 
Fri Aug  2 18:03:40 2013 ERROR: <-- (438 ms TIMEOUT -- NM?) 
Fri Aug  2 18:03:41 2013 ERROR: <-- (438 ms TIMEOUT -- RL?) 
Fri Aug  2 18:03:41 2013 ERROR: <-- (438 ms TIMEOUT -- RM?) 
Fri Aug  2 18:03:42 2013 ERROR: <-- (438 ms TIMEOUT -- RH?) 
Fri Aug  2 18:03:42 2013 ERROR: <-- (438 ms TIMEOUT -- SY1?) 
Fri Aug  2 18:03:43 2013 ERROR: <-- (438 ms TIMEOUT -- SY2?) 
Fri Aug  2 18:03:43 2013 ERROR: <-- (437 ms TIMEOUT -- CH?) 
Fri Aug  2 18:03:44 2013 ERROR: <-- (438 ms TIMEOUT -- TU?) 
Fri Aug  2 18:03:44 2013 ERROR: <-- (438 ms TIMEOUT -- PT?) 
Fri Aug  2 18:03:44 2013 ERROR: <-- (438 ms TIMEOUT -- PTT?) 
Fri Aug  2 18:03:45 2013 ERROR: <-- (438 ms TIMEOUT -- RF?) 
Fri Aug  2 18:03:45 2013 ERROR: <-- (438 ms TIMEOUT -- RT?) 
Fri Aug  2 18:03:46 2013 ERROR: <-- (437 ms TIMEOUT -- VE1?) 
Fri Aug  2 18:03:50 2013 ERROR: <-- (4297 ms TIMEOUT -- VE3?) 
Fri Aug  2 18:03:51 2013 ERROR: <-- (437 ms TIMEOUT -- VTV01) 
Fri Aug  2 18:03:51 2013 ERROR: <-- (437 ms TIMEOUT -- VTV02) 
Fri Aug  2 18:03:52 2013 ERROR: <-- (437 ms TIMEOUT -- VTV03) 
Fri Aug  2 18:03:52 2013 ERROR: <-- (437 ms TIMEOUT -- VTV04) 
Fri Aug  2 18:03:53 2013 ERROR: <-- (437 ms TIMEOUT -- VTV11) 
Fri Aug  2 18:03:53 2013 ERROR: <-- (437 ms TIMEOUT -- VTV12) 
Fri Aug  2 18:03:53 2013 ERROR: <-- (437 ms TIMEOUT -- VTV13) 
Fri Aug  2 18:03:54 2013 ERROR: <-- (437 ms TIMEOUT -- VTV14) 
Fri Aug  2 18:03:54 2013 ERROR: <-- (437 ms TIMEOUT -- VE0?) 
Fri Aug  2 18:03:55 2013 ERROR: <-- (438 ms TIMEOUT -- CHY1) 
Fri Aug  2 18:03:55 2013 ERROR: <-- (438 ms TIMEOUT -- CHZ1) 
Fri Aug  2 18:03:56 2013 ERROR: <-- (438 ms TIMEOUT -- EAY1) 
Fri Aug  2 18:03:56 2013 ERROR: <-- (438 ms TIMEOUT -- EAZ1) 
Fri Aug  2 18:03:57 2013 ERROR: <-- (438 ms TIMEOUT -- FRY1) 
Fri Aug  2 18:03:57 2013 ERROR: <-- (437 ms TIMEOUT -- FRZ1) 
Fri Aug  2 18:03:58 2013 ERROR: <-- (437 ms TIMEOUT -- LCY1) 
Fri Aug  2 18:03:58 2013 ERROR: <-- (438 ms TIMEOUT -- LCZ1) 
Fri Aug  2 18:03:59 2013 ERROR: <-- (438 ms TIMEOUT -- MOY1) 
Fri Aug  2 18:03:59 2013 ERROR: <-- (438 ms TIMEOUT -- MOZ1) 
Fri Aug  2 18:03:59 2013 ERROR: <-- (438 ms TIMEOUT -- PTY0) 
Fri Aug  2 18:04:00 2013 ERROR: <-- (438 ms TIMEOUT -- PTZ1) 
Fri Aug  2 18:04:00 2013 ERROR: <-- (438 ms TIMEOUT -- RFY1) 
Fri Aug  2 18:04:01 2013 ERROR: <-- (438 ms TIMEOUT -- RFZ1) 
Fri Aug  2 18:04:01 2013 ERROR: <-- (437 ms TIMEOUT -- NB?) 
Fri Aug  2 18:04:02 2013 ERROR: <-- (438 ms TIMEOUT -- FK?) 
Fri Aug  2 18:04:02 2013 ERROR: <-- (438 ms TIMEOUT -- OP?) 
Fri Aug  2 18:04:03 2013 ERROR: <-- (438 ms TIMEOUT -- CC?) 
Fri Aug  2 18:04:03 2013 ERROR: <-- (437 ms TIMEOUT -- CW?) 
Fri Aug  2 18:04:04 2013 ERROR: <-- (437 ms TIMEOUT -- NM?) 
Fri Aug  2 18:04:04 2013 ERROR: <-- (438 ms TIMEOUT -- RL?) 
Fri Aug  2 18:04:05 2013 ERROR: <-- (438 ms TIMEOUT -- RM?) 
Fri Aug  2 18:04:05 2013 ERROR: <-- (438 ms TIMEOUT -- RH?) 
Fri Aug  2 18:04:05 2013 ERROR: <-- (438 ms TIMEOUT -- SY1?) 
Fri Aug  2 18:04:06 2013 ERROR: <-- (438 ms TIMEOUT -- SY2?) 
Fri Aug  2 18:04:06 2013 ERROR: <-- (438 ms TIMEOUT -- CH?) 
Fri Aug  2 18:04:07 2013 ERROR: <-- (438 ms TIMEOUT -- TU?) 
Fri Aug  2 18:04:07 2013 ERROR: <-- (438 ms TIMEOUT -- PT?) 
Fri Aug  2 18:04:08 2013 ERROR: <-- (438 ms TIMEOUT -- PTT?) 
Fri Aug  2 18:04:08 2013 ERROR: <-- (438 ms TIMEOUT -- RF?) 
Fri Aug  2 18:04:09 2013 ERROR: <-- (438 ms TIMEOUT -- RT?) 
Fri Aug  2 18:04:09 2013 ERROR: <-- (437 ms TIMEOUT -- VE1?) 
Fri Aug  2 18:04:13 2013 ERROR: <-- (4297 ms TIMEOUT -- VE3?) 
Fri Aug  2 18:04:14 2013 ERROR: <-- (437 ms TIMEOUT -- VTV01) 
Fri Aug  2 18:04:14 2013 ERROR: <-- (437 ms TIMEOUT -- VTV02) 
Fri Aug  2 18:04:15 2013 ERROR: <-- (437 ms TIMEOUT -- VTV03) 
Fri Aug  2 18:04:15 2013 ERROR: <-- (437 ms TIMEOUT -- VTV04) 
Fri Aug  2 18:04:16 2013 ERROR: <-- (437 ms TIMEOUT -- VTV11) 
Fri Aug  2 18:04:16 2013 ERROR: <-- (437 ms TIMEOUT -- VTV12) 
Fri Aug  2 18:04:17 2013 ERROR: <-- (437 ms TIMEOUT -- VTV13) 
Fri Aug  2 18:04:17 2013 ERROR: <-- (437 ms TIMEOUT -- VTV14) 
Fri Aug  2 18:04:18 2013 ERROR: <-- (437 ms TIMEOUT -- VE0?) 
Fri Aug  2 18:04:18 2013 ERROR: <-- (437 ms TIMEOUT -- CHY1) 
Fri Aug  2 18:04:19 2013 ERROR: <-- (438 ms TIMEOUT -- CHZ1) 
Fri Aug  2 18:04:19 2013 ERROR: <-- (438 ms TIMEOUT -- EAY1) 
Fri Aug  2 18:04:19 2013 ERROR: <-- (438 ms TIMEOUT -- EAZ1) 
Fri Aug  2 18:04:20 2013 ERROR: <-- (438 ms TIMEOUT -- FRY1) 
Fri Aug  2 18:04:20 2013 ERROR: <-- (438 ms TIMEOUT -- FRZ1) 
Fri Aug  2 18:04:21 2013 ERROR: <-- (438 ms TIMEOUT -- LCY1) 
Fri Aug  2 18:04:21 2013 ERROR: <-- (437 ms TIMEOUT -- LCZ1) 
Fri Aug  2 18:04:22 2013 ERROR: <-- (438 ms TIMEOUT -- MOY1) 
Fri Aug  2 18:04:22 2013 ERROR: <-- (438 ms TIMEOUT -- MOZ1) 
Fri Aug  2 18:04:23 2013 ERROR: <-- (438 ms TIMEOUT -- PTY0) 
Fri Aug  2 18:04:23 2013 ERROR: <-- (438 ms TIMEOUT -- PTZ1) 
Fri Aug  2 18:04:24 2013 ERROR: <-- (438 ms TIMEOUT -- RFY1) 
Fri Aug  2 18:04:24 2013 ERROR: <-- (438 ms TIMEOUT -- RFZ1) 
Fri Aug  2 18:04:25 2013 ERROR: <-- (438 ms TIMEOUT -- NB?) 
Fri Aug  2 18:04:25 2013 ERROR: <-- (438 ms TIMEOUT -- FK?) 
Fri Aug  2 18:04:25 2013 ERROR: <-- (438 ms TIMEOUT -- OP?) 
Fri Aug  2 18:04:26 2013 ERROR: <-- (438 ms TIMEOUT -- CC?) 
Fri Aug  2 18:04:26 2013 ERROR: <-- (438 ms TIMEOUT -- CW?) 
Fri Aug  2 18:04:27 2013 ERROR: <-- (438 ms TIMEOUT -- NM?) 
Fri Aug  2 18:04:27 2013 ERROR: <-- (437 ms TIMEOUT -- RL?) 
Fri Aug  2 18:04:28 2013 ERROR: <-- (438 ms TIMEOUT -- RM?) 
Fri Aug  2 18:04:28 2013 ERROR: <-- (438 ms TIMEOUT -- RH?) 
Fri Aug  2 18:04:29 2013 ERROR: <-- (438 ms TIMEOUT -- SY1?) 
Fri Aug  2 18:04:29 2013 ERROR: <-- (438 ms TIMEOUT -- SY2?) 
Fri Aug  2 18:04:30 2013 ERROR: <-- (438 ms TIMEOUT -- CH?) 
Fri Aug  2 18:04:30 2013 ERROR: <-- (438 ms TIMEOUT -- TU?) 
Fri Aug  2 18:04:31 2013 ERROR: <-- (438 ms TIMEOUT -- PT?) 
Fri Aug  2 18:04:31 2013 ERROR: <-- (438 ms TIMEOUT -- PTT?) 
Fri Aug  2 18:04:31 2013 ERROR: <-- (438 ms TIMEOUT -- RF?) 
Fri Aug  2 18:04:32 2013 ERROR: <-- (438 ms TIMEOUT -- RT?) 
Fri Aug  2 18:04:32 2013 ERROR: <-- (437 ms TIMEOUT -- VE1?) 
Fri Aug  2 18:04:37 2013 ERROR: <-- (4297 ms TIMEOUT -- VE3?) 
Fri Aug  2 18:04:37 2013 ERROR: <-- (432 ms TIMEOUT -- VTV01) 
Fri Aug  2 18:04:38 2013 ERROR: <-- (437 ms TIMEOUT -- VTV02) 
Fri Aug  2 18:04:38 2013 ERROR: <-- (437 ms TIMEOUT -- VTV03) 
Fri Aug  2 18:04:39 2013 ERROR: <-- (437 ms TIMEOUT -- VTV04) 
Fri Aug  2 18:04:39 2013 ERROR: <-- (438 ms TIMEOUT -- VTV11) 
Fri Aug  2 18:04:40 2013 ERROR: <-- (437 ms TIMEOUT -- VTV12) 
Fri Aug  2 18:04:40 2013 ERROR: <-- (437 ms TIMEOUT -- VTV13) 
Fri Aug  2 18:04:40 2013 ERROR: <-- (437 ms TIMEOUT -- VTV14) 
Fri Aug  2 18:04:41 2013 ERROR: <-- (437 ms TIMEOUT -- VE0?) 
Fri Aug  2 18:04:41 2013 ERROR: <-- (438 ms TIMEOUT -- CHY1) 
Fri Aug  2 18:04:42 2013 ERROR: <-- (438 ms TIMEOUT -- CHZ1) 
Fri Aug  2 18:04:42 2013 ERROR: <-- (438 ms TIMEOUT -- EAY1) 
Fri Aug  2 18:04:43 2013 ERROR: <-- (438 ms TIMEOUT -- EAZ1) 
Fri Aug  2 18:04:43 2013 ERROR: <-- (438 ms TIMEOUT -- FRY1) 
Fri Aug  2 18:04:44 2013 ERROR: <-- (438 ms TIMEOUT -- FRZ1) 
Fri Aug  2 18:04:44 2013 ERROR: <-- (438 ms TIMEOUT -- LCY1) 
Fri Aug  2 18:04:45 2013 ERROR: <-- (438 ms TIMEOUT -- LCZ1) 
Fri Aug  2 18:04:45 2013 ERROR: <-- (438 ms TIMEOUT -- MOY1) 
Fri Aug  2 18:04:46 2013 ERROR: <-- (438 ms TIMEOUT -- MOZ1) 
Fri Aug  2 18:04:46 2013 ERROR: <-- (438 ms TIMEOUT -- PTY0) 
Fri Aug  2 18:04:46 2013 ERROR: <-- (438 ms TIMEOUT -- PTZ1) 
Fri Aug  2 18:04:47 2013 ERROR: <-- (438 ms TIMEOUT -- RFY1) 
Fri Aug  2 18:04:47 2013 ERROR: <-- (438 ms TIMEOUT -- RFZ1) 
Fri Aug  2 18:04:48 2013 ERROR: <-- (438 ms TIMEOUT -- NB?) 
Fri Aug  2 18:04:48 2013 ERROR: <-- (438 ms TIMEOUT -- FK?) 
Fri Aug  2 18:04:49 2013 ERROR: <-- (438 ms TIMEOUT -- OP?) 
Fri Aug  2 18:04:49 2013 ERROR: <-- (438 ms TIMEOUT -- CC?) 
Fri Aug  2 18:04:50 2013 ERROR: <-- (438 ms TIMEOUT -- CW?) 
Fri Aug  2 18:04:50 2013 ERROR: <-- (438 ms TIMEOUT -- NM?) 
Fri Aug  2 18:04:51 2013 ERROR: <-- (438 ms TIMEOUT -- RL?) 
Fri Aug  2 18:04:51 2013 ERROR: <-- (438 ms TIMEOUT -- RM?) 
Fri Aug  2 18:04:52 2013 ERROR: <-- (438 ms TIMEOUT -- RH?) 
Fri Aug  2 18:04:52 2013 ERROR: <-- (438 ms TIMEOUT -- SY1?) 
Fri Aug  2 18:04:52 2013 ERROR: <-- (438 ms TIMEOUT -- SY2?) 
Fri Aug  2 18:04:53 2013 ERROR: <-- (438 ms TIMEOUT -- CH?) 
Fri Aug  2 18:04:53 2013 ERROR: <-- (438 ms TIMEOUT -- TU?) 
Fri Aug  2 18:04:54 2013 ERROR: <-- (437 ms TIMEOUT -- PT?) 
Fri Aug  2 18:04:54 2013 ERROR: <-- (438 ms TIMEOUT -- PTT?) 
Fri Aug  2 18:04:55 2013 ERROR: <-- (438 ms TIMEOUT -- RF?) 
Fri Aug  2 18:04:55 2013 ERROR: <-- (438 ms TIMEOUT -- RT?) 
Fri Aug  2 18:04:56 2013 ERROR: <-- (437 ms TIMEOUT -- VE1?) 
Fri Aug  2 18:05:00 2013 ERROR: <-- (4297 ms TIMEOUT -- VE3?) 
Fri Aug  2 18:05:00 2013 ERROR: <-- (437 ms TIMEOUT -- VTV01) 
Fri Aug  2 18:05:01 2013 ERROR: <-- (437 ms TIMEOUT -- VTV02) 
Fri Aug  2 18:05:01 2013 ERROR: <-- (437 ms TIMEOUT -- VTV03) 
Fri Aug  2 18:05:02 2013 ERROR: <-- (437 ms TIMEOUT -- VTV04) 
Fri Aug  2 18:05:02 2013 ERROR: <-- (437 ms TIMEOUT -- VTV11) 
Fri Aug  2 18:05:03 2013 ERROR: <-- (437 ms TIMEOUT -- VTV12) 
Fri Aug  2 18:05:03 2013 ERROR: <-- (437 ms TIMEOUT -- VTV13) 
Fri Aug  2 18:05:04 2013 ERROR: <-- (437 ms TIMEOUT -- VTV14) 
Fri Aug  2 18:05:04 2013 ERROR: <-- (437 ms TIMEOUT -- VE0?) 
Fri Aug  2 18:05:05 2013 ERROR: <-- (438 ms TIMEOUT -- CHY1) 
Fri Aug  2 18:05:05 2013 ERROR: <-- (438 ms TIMEOUT -- CHZ1) 
Fri Aug  2 18:05:06 2013 ERROR: <-- (437 ms TIMEOUT -- EAY1) 
Fri Aug  2 18:05:06 2013 ERROR: <-- (438 ms TIMEOUT -- EAZ1) 
Fri Aug  2 18:05:07 2013 ERROR: <-- (438 ms TIMEOUT -- FRY1) 
Fri Aug  2 18:05:07 2013 ERROR: <-- (438 ms TIMEOUT -- FRZ1) 
Fri Aug  2 18:05:07 2013 ERROR: <-- (438 ms TIMEOUT -- LCY1) 
Fri Aug  2 18:05:08 2013 ERROR: <-- (438 ms TIMEOUT -- LCZ1) 
Fri Aug  2 18:05:08 2013 ERROR: <-- (438 ms TIMEOUT -- MOY1) 
Fri Aug  2 18:05:09 2013 ERROR: <-- (438 ms TIMEOUT -- MOZ1) 
Fri Aug  2 18:05:09 2013 ERROR: <-- (438 ms TIMEOUT -- PTY0) 
Fri Aug  2 18:05:10 2013 ERROR: <-- (438 ms TIMEOUT -- PTZ1) 
Fri Aug  2 18:05:10 2013 ERROR: <-- (438 ms TIMEOUT -- RFY1) 
Fri Aug  2 18:05:11 2013 ERROR: <-- (438 ms TIMEOUT -- RFZ1) 
Fri Aug  2 18:05:11 2013 ERROR: <-- (437 ms TIMEOUT -- NB?) 
Fri Aug  2 18:05:12 2013 ERROR: <-- (437 ms TIMEOUT -- FK?) 
Fri Aug  2 18:05:12 2013 ERROR: <-- (438 ms TIMEOUT -- OP?) 
Fri Aug  2 18:05:13 2013 ERROR: <-- (438 ms TIMEOUT -- CC?) 
Fri Aug  2 18:05:13 2013 ERROR: <-- (438 ms TIMEOUT -- CW?) 
Fri Aug  2 18:05:13 2013 ERROR: <-- (438 ms TIMEOUT -- NM?) 
Fri Aug  2 18:05:14 2013 ERROR: <-- (438 ms TIMEOUT -- RL?) 
Fri Aug  2 18:05:14 2013 ERROR: <-- (438 ms TIMEOUT -- RM?) 
Fri Aug  2 18:05:15 2013 ERROR: <-- (438 ms TIMEOUT -- RH?) 
Fri Aug  2 18:05:15 2013 ERROR: <-- (438 ms TIMEOUT -- SY1?) 
Fri Aug  2 18:05:16 2013 ERROR: <-- (438 ms TIMEOUT -- SY2?) 
Fri Aug  2 18:05:16 2013 ERROR: <-- (438 ms TIMEOUT -- CH?) 
Fri Aug  2 18:05:17 2013 ERROR: <-- (438 ms TIMEOUT -- TU?) 
Fri Aug  2 18:05:17 2013 ERROR: <-- (437 ms TIMEOUT -- PT?) 
Fri Aug  2 18:05:18 2013 ERROR: <-- (437 ms TIMEOUT -- PTT?) 
Fri Aug  2 18:05:18 2013 ERROR: <-- (438 ms TIMEOUT -- RF?) 
Fri Aug  2 18:05:19 2013 ERROR: <-- (438 ms TIMEOUT -- RT?) 
Fri Aug  2 18:05:19 2013 ERROR: <-- (437 ms TIMEOUT -- VE1?) 
Fri Aug  2 18:05:23 2013 ERROR: <-- (4297 ms TIMEOUT -- VE3?) 
Fri Aug  2 18:05:24 2013 ERROR: <-- (437 ms TIMEOUT -- VTV01) 
Fri Aug  2 18:05:24 2013 ERROR: <-- (437 ms TIMEOUT -- VTV02) 
Fri Aug  2 18:05:25 2013 ERROR: <-- (437 ms TIMEOUT -- VTV03) 
Fri Aug  2 18:05:25 2013 ERROR: <-- (437 ms TIMEOUT -- VTV04) 
Fri Aug  2 18:05:26 2013 ERROR: <-- (437 ms TIMEOUT -- VTV11) 
Fri Aug  2 18:05:26 2013 ERROR: <-- (437 ms TIMEOUT -- VTV12) 
Fri Aug  2 18:05:27 2013 ERROR: <-- (437 ms TIMEOUT -- VTV13) 
Fri Aug  2 18:05:27 2013 ERROR: <-- (437 ms TIMEOUT -- VTV14) 
Fri Aug  2 18:05:27 2013 ERROR: <-- (437 ms TIMEOUT -- VE0?) 
Fri Aug  2 18:05:28 2013 ERROR: <-- (438 ms TIMEOUT -- CHY1) 
Fri Aug  2 18:05:28 2013 ERROR: <-- (438 ms TIMEOUT -- CHZ1) 
Fri Aug  2 18:05:29 2013 ERROR: <-- (438 ms TIMEOUT -- EAY1) 
Fri Aug  2 18:05:29 2013 ERROR: <-- (437 ms TIMEOUT -- EAZ1) 
Fri Aug  2 18:05:30 2013 ERROR: <-- (438 ms TIMEOUT -- FRY1) 
Fri Aug  2 18:05:30 2013 ERROR: <-- (438 ms TIMEOUT -- FRZ1) 
Fri Aug  2 18:05:31 2013 ERROR: <-- (438 ms TIMEOUT -- LCY1) 
Fri Aug  2 18:05:31 2013 ERROR: <-- (438 ms TIMEOUT -- LCZ1) 
Fri Aug  2 18:05:32 2013 ERROR: <-- (438 ms TIMEOUT -- MOY1) 
Fri Aug  2 18:05:32 2013 ERROR: <-- (437 ms TIMEOUT -- MOZ1) 
Fri Aug  2 18:05:33 2013 ERROR: <-- (438 ms TIMEOUT -- PTY0) 
Fri Aug  2 18:05:33 2013 ERROR: <-- (438 ms TIMEOUT -- PTZ1) 
Fri Aug  2 18:05:33 2013 ERROR: <-- (438 ms TIMEOUT -- RFY1) 
Fri Aug  2 18:05:34 2013 ERROR: <-- (438 ms TIMEOUT -- RFZ1) 
Fri Aug  2 18:05:34 2013 ERROR: <-- (438 ms TIMEOUT -- NB?) 
Fri Aug  2 18:05:35 2013 ERROR: <-- (438 ms TIMEOUT -- FK?) 
Fri Aug  2 18:05:35 2013 ERROR: <-- (437 ms TIMEOUT -- OP?) 
Fri Aug  2 18:05:36 2013 ERROR: <-- (438 ms TIMEOUT -- CC?) 
Fri Aug  2 18:05:36 2013 ERROR: <-- (438 ms TIMEOUT -- CW?) 
Fri Aug  2 18:05:37 2013 ERROR: <-- (438 ms TIMEOUT -- NM?) 
Fri Aug  2 18:05:37 2013 ERROR: <-- (438 ms TIMEOUT -- RL?) 
Fri Aug  2 18:05:38 2013 ERROR: <-- (438 ms TIMEOUT -- RM?) 
Fri Aug  2 18:05:38 2013 ERROR: <-- (432 ms TIMEOUT -- RH?) 
Fri Aug  2 18:05:39 2013 ERROR: <-- (438 ms TIMEOUT -- SY1?) 
Fri Aug  2 18:05:39 2013 ERROR: <-- (438 ms TIMEOUT -- SY2?) 
Fri Aug  2 18:05:39 2013 ERROR: <-- (438 ms TIMEOUT -- CH?) 
Fri Aug  2 18:05:40 2013 ERROR: <-- (438 ms TIMEOUT -- TU?) 
Fri Aug  2 18:05:40 2013 ERROR: <-- (438 ms TIMEOUT -- PT?) 
Fri Aug  2 18:05:41 2013 ERROR: <-- (438 ms TIMEOUT -- PTT?) 
Fri Aug  2 18:05:41 2013 ERROR: <-- (437 ms TIMEOUT -- RF?) 
Fri Aug  2 18:05:42 2013 ERROR: <-- (438 ms TIMEOUT -- RT?) 
Fri Aug  2 18:05:42 2013 ERROR: <-- (437 ms TIMEOUT -- VE1?) 
Fri Aug  2 18:05:47 2013 ERROR: <-- (4297 ms TIMEOUT -- VE3?) 
Fri Aug  2 18:05:47 2013 ERROR: <-- (437 ms TIMEOUT -- VTV01) 
Fri Aug  2 18:05:48 2013 ERROR: <-- (437 ms TIMEOUT -- VTV02) 
Fri Aug  2 18:05:48 2013 ERROR: <-- (437 ms TIMEOUT -- VTV03) 
Fri Aug  2 18:05:48 2013 ERROR: <-- (437 ms TIMEOUT -- VTV04) 
Fri Aug  2 18:05:49 2013 ERROR: <-- (437 ms TIMEOUT -- VTV11) 
Fri Aug  2 18:05:49 2013 ERROR: <-- (437 ms TIMEOUT -- VTV12) 
Fri Aug  2 18:05:50 2013 ERROR: <-- (437 ms TIMEOUT -- VTV13) 
Fri Aug  2 18:05:50 2013 ERROR: <-- (437 ms TIMEOUT -- VTV14) 
Fri Aug  2 18:05:51 2013 ERROR: <-- (437 ms TIMEOUT -- VE0?) 
Fri Aug  2 18:05:51 2013 ERROR: <-- (438 ms TIMEOUT -- CHY1) 
Fri Aug  2 18:05:52 2013 ERROR: <-- (438 ms TIMEOUT -- CHZ1) 
Fri Aug  2 18:05:52 2013 ERROR: <-- (438 ms TIMEOUT -- EAY1) 
Fri Aug  2 18:05:53 2013 ERROR: <-- (438 ms TIMEOUT -- EAZ1) 
Fri Aug  2 18:05:53 2013 ERROR: <-- (438 ms TIMEOUT -- FRY1) 
Fri Aug  2 18:05:54 2013 ERROR: <-- (438 ms TIMEOUT -- FRZ1) 
Fri Aug  2 18:05:54 2013 ERROR: <-- (438 ms TIMEOUT -- LCY1) 
Fri Aug  2 18:05:54 2013 ERROR: <-- (438 ms TIMEOUT -- LCZ1) 
Fri Aug  2 18:05:55 2013 ERROR: <-- (438 ms TIMEOUT -- MOY1) 
Fri Aug  2 18:05:55 2013 ERROR: <-- (438 ms TIMEOUT -- MOZ1) 
Fri Aug  2 18:05:56 2013 ERROR: <-- (438 ms TIMEOUT -- PTY0) 
Fri Aug  2 18:05:56 2013 ERROR: <-- (438 ms TIMEOUT -- PTZ1) 
Fri Aug  2 18:05:57 2013 ERROR: <-- (438 ms TIMEOUT -- RFY1) 
Fri Aug  2 18:05:57 2013 ERROR: <-- (438 ms TIMEOUT -- RFZ1) 
Fri Aug  2 18:05:58 2013 ERROR: <-- (438 ms TIMEOUT -- NB?) 
Fri Aug  2 18:05:58 2013 ERROR: <-- (438 ms TIMEOUT -- FK?) 
Fri Aug  2 18:05:59 2013 ERROR: <-- (438 ms TIMEOUT -- OP?) 
Fri Aug  2 18:05:59 2013 ERROR: <-- (437 ms TIMEOUT -- CC?) 
Fri Aug  2 18:06:00 2013 ERROR: <-- (438 ms TIMEOUT -- CW?) 
Fri Aug  2 18:06:00 2013 ERROR: <-- (438 ms TIMEOUT -- NM?) 
Fri Aug  2 18:06:00 2013 ERROR: <-- (438 ms TIMEOUT -- RL?) 
Fri Aug  2 18:06:01 2013 ERROR: <-- (438 ms TIMEOUT -- RM?) 
Fri Aug  2 18:06:01 2013 ERROR: <-- (438 ms TIMEOUT -- RH?) 
Fri Aug  2 18:06:02 2013 ERROR: <-- (438 ms TIMEOUT -- SY1?) 
Fri Aug  2 18:06:02 2013 ERROR: <-- (438 ms TIMEOUT -- SY2?) 
Fri Aug  2 18:06:03 2013 ERROR: <-- (438 ms TIMEOUT -- CH?) 
Fri Aug  2 18:06:03 2013 ERROR: <-- (438 ms TIMEOUT -- TU?) 
Fri Aug  2 18:06:04 2013 ERROR: <-- (438 ms TIMEOUT -- PT?) 
Fri Aug  2 18:06:04 2013 ERROR: <-- (438 ms TIMEOUT -- PTT?) 
Fri Aug  2 18:06:05 2013 ERROR: <-- (438 ms TIMEOUT -- RF?) 
Fri Aug  2 18:06:05 2013 ERROR: <-- (438 ms TIMEOUT -- RT?) 
Fri Aug  2 18:06:06 2013 ERROR: <-- (437 ms TIMEOUT -- VE1?) 
Fri Aug  2 18:06:10 2013 ERROR: <-- (4297 ms TIMEOUT -- VE3?) 
Fri Aug  2 18:06:10 2013 ERROR: <-- (437 ms TIMEOUT -- VTV01) 
Fri Aug  2 18:06:11 2013 ERROR: <-- (437 ms TIMEOUT -- VTV02) 
Fri Aug  2 18:06:11 2013 ERROR: <-- (437 ms TIMEOUT -- VTV03) 
Fri Aug  2 18:06:12 2013 ERROR: <-- (437 ms TIMEOUT -- VTV04) 
Fri Aug  2 18:06:12 2013 ERROR: <-- (437 ms TIMEOUT -- VTV11) 
Fri Aug  2 18:06:13 2013 ERROR: <-- (437 ms TIMEOUT -- VTV12) 
Fri Aug  2 18:06:13 2013 ERROR: <-- (437 ms TIMEOUT -- VTV13) 
Fri Aug  2 18:06:14 2013 ERROR: <-- (437 ms TIMEOUT -- VTV14) 
Fri Aug  2 18:06:14 2013 ERROR: <-- (437 ms TIMEOUT -- VE0?) 
Fri Aug  2 18:06:14 2013 ERROR: <-- (438 ms TIMEOUT -- CHY1) 
Fri Aug  2 18:06:15 2013 ERROR: <-- (438 ms TIMEOUT -- CHZ1) 
Fri Aug  2 18:06:15 2013 ERROR: <-- (438 ms TIMEOUT -- EAY1) 
Fri Aug  2 18:06:16 2013 ERROR: <-- (438 ms TIMEOUT -- EAZ1) 
Fri Aug  2 18:06:16 2013 ERROR: <-- (438 ms TIMEOUT -- FRY1) 
Fri Aug  2 18:06:17 2013 ERROR: <-- (438 ms TIMEOUT -- FRZ1) 
Fri Aug  2 18:06:17 2013 ERROR: <-- (438 ms TIMEOUT -- LCY1) 
Fri Aug  2 18:06:18 2013 ERROR: <-- (438 ms TIMEOUT -- LCZ1) 
Fri Aug  2 18:06:18 2013 ERROR: <-- (438 ms TIMEOUT -- MOY1) 
Fri Aug  2 18:06:19 2013 ERROR: <-- (438 ms TIMEOUT -- MOZ1) 
Fri Aug  2 18:06:19 2013 ERROR: <-- (438 ms TIMEOUT -- PTY0) 
Fri Aug  2 18:06:20 2013 ERROR: <-- (438 ms TIMEOUT -- PTZ1) 
Fri Aug  2 18:06:20 2013 ERROR: <-- (438 ms TIMEOUT -- RFY1) 
Fri Aug  2 18:06:21 2013 ERROR: <-- (438 ms TIMEOUT -- RFZ1) 
Fri Aug  2 18:06:21 2013 ERROR: <-- (438 ms TIMEOUT -- NB?) 
Fri Aug  2 18:06:21 2013 ERROR: <-- (438 ms TIMEOUT -- FK?) 
Fri Aug  2 18:06:22 2013 ERROR: <-- (438 ms TIMEOUT -- OP?) 
Fri Aug  2 18:06:22 2013 ERROR: <-- (438 ms TIMEOUT -- CC?) 
Fri Aug  2 18:06:23 2013 ERROR: <-- (438 ms TIMEOUT -- CW?) 
Fri Aug  2 18:06:23 2013 ERROR: <-- (438 ms TIMEOUT -- NM?) 
Fri Aug  2 18:06:24 2013 ERROR: <-- (438 ms TIMEOUT -- RL?) 
Fri Aug  2 18:06:24 2013 ERROR: <-- (438 ms TIMEOUT -- RM?) 
Fri Aug  2 18:06:25 2013 ERROR: <-- (438 ms TIMEOUT -- RH?) 
Fri Aug  2 18:06:25 2013 ERROR: <-- (437 ms TIMEOUT -- SY1?) 
Fri Aug  2 18:06:26 2013 ERROR: <-- (437 ms TIMEOUT -- SY2?) 
Fri Aug  2 18:06:26 2013 ERROR: <-- (438 ms TIMEOUT -- CH?) 
Fri Aug  2 18:06:27 2013 ERROR: <-- (438 ms TIMEOUT -- TU?) 
Fri Aug  2 18:06:27 2013 ERROR: <-- (438 ms TIMEOUT -- PT?) 
Fri Aug  2 18:06:27 2013 ERROR: <-- (438 ms TIMEOUT -- PTT?) 
Fri Aug  2 18:06:28 2013 ERROR: <-- (438 ms TIMEOUT -- RF?) 
Fri Aug  2 18:06:28 2013 ERROR: <-- (438 ms TIMEOUT -- RT?) 
Fri Aug  2 18:06:29 2013 ERROR: <-- (437 ms TIMEOUT -- VE1?) 
Fri Aug  2 18:06:33 2013 ERROR: <-- (4297 ms TIMEOUT -- VE3?) 
Fri Aug  2 18:06:34 2013 ERROR: <-- (437 ms TIMEOUT -- VTV01) 
Fri Aug  2 18:06:34 2013 ERROR: <-- (437 ms TIMEOUT -- VTV02) 
Fri Aug  2 18:06:35 2013 ERROR: <-- (437 ms TIMEOUT -- VTV03) 
Fri Aug  2 18:06:35 2013 ERROR: <-- (437 ms TIMEOUT -- VTV04) 
Fri Aug  2 18:06:35 2013 ERROR: <-- (437 ms TIMEOUT -- VTV11) 
Fri Aug  2 18:06:36 2013 ERROR: <-- (437 ms TIMEOUT -- VTV12) 
Fri Aug  2 18:06:36 2013 ERROR: <-- (437 ms TIMEOUT -- VTV13) 
Fri Aug  2 18:06:37 2013 ERROR: <-- (437 ms TIMEOUT -- VTV14) 
Fri Aug  2 18:06:37 2013 ERROR: <-- (437 ms TIMEOUT -- VE0?) 
Fri Aug  2 18:06:38 2013 ERROR: <-- (437 ms TIMEOUT -- CHY1) 
Fri Aug  2 18:06:38 2013 ERROR: <-- (438 ms TIMEOUT -- CHZ1) 
Fri Aug  2 18:06:39 2013 ERROR: <-- (432 ms TIMEOUT -- EAY1) 
Fri Aug  2 18:06:39 2013 ERROR: <-- (438 ms TIMEOUT -- EAZ1) 
Fri Aug  2 18:06:40 2013 ERROR: <-- (438 ms TIMEOUT -- FRY1) 
Fri Aug  2 18:06:40 2013 ERROR: <-- (437 ms TIMEOUT -- FRZ1) 
Fri Aug  2 18:06:41 2013 ERROR: <-- (438 ms TIMEOUT -- LCY1) 
Fri Aug  2 18:06:41 2013 ERROR: <-- (438 ms TIMEOUT -- LCZ1) 
Fri Aug  2 18:06:41 2013 ERROR: <-- (438 ms TIMEOUT -- MOY1) 
Fri Aug  2 18:06:42 2013 ERROR: <-- (438 ms TIMEOUT -- MOZ1) 
Fri Aug  2 18:06:42 2013 ERROR: <-- (438 ms TIMEOUT -- PTY0) 
Fri Aug  2 18:06:43 2013 ERROR: <-- (437 ms TIMEOUT -- PTZ1) 
Fri Aug  2 18:06:43 2013 ERROR: <-- (437 ms TIMEOUT -- RFY1) 
Fri Aug  2 18:06:44 2013 ERROR: <-- (438 ms TIMEOUT -- RFZ1) 
Fri Aug  2 18:06:44 2013 ERROR: <-- (438 ms TIMEOUT -- NB?) 
Fri Aug  2 18:06:45 2013 ERROR: <-- (438 ms TIMEOUT -- FK?) 
Fri Aug  2 18:06:45 2013 ERROR: <-- (438 ms TIMEOUT -- OP?) 
Fri Aug  2 18:06:46 2013 ERROR: <-- (438 ms TIMEOUT -- CC?) 
Fri Aug  2 18:06:46 2013 ERROR: <-- (437 ms TIMEOUT -- CW?) 
Fri Aug  2 18:06:47 2013 ERROR: <-- (438 ms TIMEOUT -- NM?) 
Fri Aug  2 18:06:47 2013 ERROR: <-- (438 ms TIMEOUT -- RL?) 
Fri Aug  2 18:06:47 2013 ERROR: <-- (438 ms TIMEOUT -- RM?) 
Fri Aug  2 18:06:48 2013 ERROR: <-- (438 ms TIMEOUT -- RH?) 
Fri Aug  2 18:06:48 2013 ERROR: <-- (438 ms TIMEOUT -- SY1?) 
Fri Aug  2 18:06:49 2013 ERROR: <-- (438 ms TIMEOUT -- SY2?) 
Fri Aug  2 18:06:49 2013 ERROR: <-- (437 ms TIMEOUT -- CH?) 
Fri Aug  2 18:06:50 2013 ERROR: <-- (438 ms TIMEOUT -- TU?) 
Fri Aug  2 18:06:50 2013 ERROR: <-- (438 ms TIMEOUT -- PT?) 
Fri Aug  2 18:06:51 2013 ERROR: <-- (438 ms TIMEOUT -- PTT?) 
Fri Aug  2 18:06:51 2013 ERROR: <-- (438 ms TIMEOUT -- RF?) 
Fri Aug  2 18:06:52 2013 ERROR: <-- (438 ms TIMEOUT -- RT?) 
Fri Aug  2 18:06:52 2013 ERROR: <-- (437 ms TIMEOUT -- VE1?) 
Fri Aug  2 18:06:56 2013 ERROR: <-- (4297 ms TIMEOUT -- VE3?) 
Fri Aug  2 18:06:57 2013 ERROR: <-- (437 ms TIMEOUT -- VTV01) 
Fri Aug  2 18:06:57 2013 ERROR: <-- (437 ms TIMEOUT -- VTV02) 
Fri Aug  2 18:06:58 2013 ERROR: <-- (437 ms TIMEOUT -- VTV03) 
Fri Aug  2 18:06:58 2013 ERROR: <-- (437 ms TIMEOUT -- VTV04) 
Fri Aug  2 18:06:59 2013 ERROR: <-- (437 ms TIMEOUT -- VTV11) 
Fri Aug  2 18:06:59 2013 ERROR: <-- (437 ms TIMEOUT -- VTV12) 
Fri Aug  2 18:07:00 2013 ERROR: <-- (437 ms TIMEOUT -- VTV13) 
Fri Aug  2 18:07:00 2013 ERROR: <-- (437 ms TIMEOUT -- VTV14) 
Fri Aug  2 18:07:01 2013 ERROR: <-- (437 ms TIMEOUT -- VE0?) 
Fri Aug  2 18:07:01 2013 ERROR: <-- (438 ms TIMEOUT -- CHY1) 
Fri Aug  2 18:07:02 2013 ERROR: <-- (438 ms TIMEOUT -- CHZ1) 
Fri Aug  2 18:07:02 2013 ERROR: <-- (438 ms TIMEOUT -- EAY1) 
Fri Aug  2 18:07:02 2013 ERROR: <-- (438 ms TIMEOUT -- EAZ1) 
Fri Aug  2 18:07:03 2013 ERROR: <-- (438 ms TIMEOUT -- FRY1) 
Fri Aug  2 18:07:03 2013 ERROR: <-- (438 ms TIMEOUT -- FRZ1) 
Fri Aug  2 18:07:04 2013 ERROR: <-- (438 ms TIMEOUT -- LCY1) 
Fri Aug  2 18:07:04 2013 ERROR: <-- (438 ms TIMEOUT -- LCZ1) 
Fri Aug  2 18:07:05 2013 ERROR: <-- (438 ms TIMEOUT -- MOY1) 
Fri Aug  2 18:07:05 2013 ERROR: <-- (438 ms TIMEOUT -- MOZ1) 
Fri Aug  2 18:07:06 2013 ERROR: <-- (438 ms TIMEOUT -- PTY0) 
Fri Aug  2 18:07:06 2013 ERROR: <-- (437 ms TIMEOUT -- PTZ1) 
Fri Aug  2 18:07:07 2013 ERROR: <-- (438 ms TIMEOUT -- RFY1) 
Fri Aug  2 18:07:07 2013 ERROR: <-- (438 ms TIMEOUT -- RFZ1) 
Fri Aug  2 18:07:08 2013 ERROR: <-- (438 ms TIMEOUT -- NB?) 
Fri Aug  2 18:07:08 2013 ERROR: <-- (438 ms TIMEOUT -- FK?) 
Fri Aug  2 18:07:08 2013 ERROR: <-- (438 ms TIMEOUT -- OP?) 
Fri Aug  2 18:07:09 2013 ERROR: <-- (438 ms TIMEOUT -- CC?) 
Fri Aug  2 18:07:09 2013 ERROR: <-- (438 ms TIMEOUT -- CW?) 
Fri Aug  2 18:07:10 2013 ERROR: <-- (438 ms TIMEOUT -- NM?) 
Fri Aug  2 18:07:10 2013 ERROR: <-- (438 ms TIMEOUT -- RL?) 
Fri Aug  2 18:07:11 2013 ERROR: <-- (438 ms TIMEOUT -- RM?) 
Fri Aug  2 18:07:11 2013 ERROR: <-- (438 ms TIMEOUT -- RH?) 
Fri Aug  2 18:07:12 2013 ERROR: <-- (437 ms TIMEOUT -- SY1?) 
Fri Aug  2 18:07:12 2013 ERROR: <-- (438 ms TIMEOUT -- SY2?) 
Fri Aug  2 18:07:13 2013 ERROR: <-- (438 ms TIMEOUT -- CH?) 
Fri Aug  2 18:07:13 2013 ERROR: <-- (438 ms TIMEOUT -- TU?) 
Fri Aug  2 18:07:14 2013 ERROR: <-- (438 ms TIMEOUT -- PT?) 
Fri Aug  2 18:07:14 2013 ERROR: <-- (438 ms TIMEOUT -- PTT?) 
Fri Aug  2 18:07:14 2013 ERROR: <-- (438 ms TIMEOUT -- RF?) 
Fri Aug  2 18:07:15 2013 ERROR: <-- (438 ms TIMEOUT -- RT?) 
Fri Aug  2 18:07:15 2013 ERROR: <-- (437 ms TIMEOUT -- VE1?) 
Fri Aug  2 18:07:20 2013 ERROR: <-- (4297 ms TIMEOUT -- VE3?) 
Fri Aug  2 18:07:20 2013 ERROR: <-- (437 ms TIMEOUT -- VTV01) 
Fri Aug  2 18:07:21 2013 ERROR: <-- (437 ms TIMEOUT -- VTV02) 
Fri Aug  2 18:07:21 2013 ERROR: <-- (437 ms TIMEOUT -- VTV03) 
Fri Aug  2 18:07:22 2013 ERROR: <-- (437 ms TIMEOUT -- VTV04) 
Fri Aug  2 18:07:22 2013 ERROR: <-- (437 ms TIMEOUT -- VTV11) 
Fri Aug  2 18:07:22 2013 ERROR: <-- (437 ms TIMEOUT -- VTV12) 
Fri Aug  2 18:07:23 2013 ERROR: <-- (437 ms TIMEOUT -- VTV13) 
Fri Aug  2 18:07:23 2013 ERROR: <-- (437 ms TIMEOUT -- VTV14) 
Fri Aug  2 18:07:24 2013 ERROR: <-- (437 ms TIMEOUT -- VE0?) 
Fri Aug  2 18:07:24 2013 ERROR: <-- (437 ms TIMEOUT -- CHY1) 
Fri Aug  2 18:07:25 2013 ERROR: <-- (438 ms TIMEOUT -- CHZ1) 
Fri Aug  2 18:07:25 2013 ERROR: <-- (438 ms TIMEOUT -- EAY1) 
Fri Aug  2 18:07:26 2013 ERROR: <-- (438 ms TIMEOUT -- EAZ1) 
Fri Aug  2 18:07:26 2013 ERROR: <-- (438 ms TIMEOUT -- FRY1) 
Fri Aug  2 18:07:27 2013 ERROR: <-- (438 ms TIMEOUT -- FRZ1) 
Fri Aug  2 18:07:27 2013 ERROR: <-- (438 ms TIMEOUT -- LCY1) 
Fri Aug  2 18:07:28 2013 ERROR: <-- (438 ms TIMEOUT -- LCZ1) 
Fri Aug  2 18:07:28 2013 ERROR: <-- (438 ms TIMEOUT -- MOY1) 
Fri Aug  2 18:07:28 2013 ERROR: <-- (438 ms TIMEOUT -- MOZ1) 
Fri Aug  2 18:07:29 2013 ERROR: <-- (438 ms TIMEOUT -- PTY0) 
Fri Aug  2 18:07:29 2013 ERROR: <-- (437 ms TIMEOUT -- PTZ1) 
Fri Aug  2 18:07:30 2013 ERROR: <-- (438 ms TIMEOUT -- RFY1) 
Fri Aug  2 18:07:30 2013 ERROR: <-- (438 ms TIMEOUT -- RFZ1) 
Fri Aug  2 18:07:31 2013 ERROR: <-- (437 ms TIMEOUT -- NB?) 
Fri Aug  2 18:07:31 2013 ERROR: <-- (438 ms TIMEOUT -- FK?) 
Fri Aug  2 18:07:32 2013 ERROR: <-- (438 ms TIMEOUT -- OP?) 
Fri Aug  2 18:07:32 2013 ERROR: <-- (438 ms TIMEOUT -- CC?) 
Fri Aug  2 18:07:33 2013 ERROR: <-- (438 ms TIMEOUT -- CW?) 
Fri Aug  2 18:07:33 2013 ERROR: <-- (438 ms TIMEOUT -- NM?) 
Fri Aug  2 18:07:34 2013 ERROR: <-- (438 ms TIMEOUT -- RL?) 
Fri Aug  2 18:07:34 2013 ERROR: <-- (438 ms TIMEOUT -- RM?) 
Fri Aug  2 18:07:35 2013 ERROR: <-- (438 ms TIMEOUT -- RH?) 
Fri Aug  2 18:07:35 2013 ERROR: <-- (438 ms TIMEOUT -- SY1?) 
Fri Aug  2 18:07:35 2013 ERROR: <-- (438 ms TIMEOUT -- SY2?) 
Fri Aug  2 18:07:36 2013 ERROR: <-- (438 ms TIMEOUT -- CH?) 
Fri Aug  2 18:07:36 2013 ERROR: <-- (438 ms TIMEOUT -- TU?) 
Fri Aug  2 18:07:37 2013 ERROR: <-- (438 ms TIMEOUT -- PT?) 
Fri Aug  2 18:07:37 2013 ERROR: <-- (438 ms TIMEOUT -- PTT?) 
Fri Aug  2 18:07:38 2013 ERROR: <-- (438 ms TIMEOUT -- RF?) 
Fri Aug  2 18:07:38 2013 ERROR: <-- (438 ms TIMEOUT -- RT?) 
Fri Aug  2 18:07:39 2013 ERROR: <-- (437 ms TIMEOUT -- VE1?) 
Fri Aug  2 18:07:43 2013 ERROR: <-- (4297 ms TIMEOUT -- VE3?) 
Fri Aug  2 18:07:43 2013 ERROR: <-- (432 ms TIMEOUT -- VTV01) 
Fri Aug  2 18:07:44 2013 ERROR: <-- (437 ms TIMEOUT -- VTV02) 
Fri Aug  2 18:07:44 2013 ERROR: <-- (437 ms TIMEOUT -- VTV03) 
Fri Aug  2 18:07:45 2013 ERROR: <-- (437 ms TIMEOUT -- VTV04) 
Fri Aug  2 18:07:45 2013 ERROR: <-- (437 ms TIMEOUT -- VTV11) 
Fri Aug  2 18:07:46 2013 ERROR: <-- (437 ms TIMEOUT -- VTV12) 
Fri Aug  2 18:07:46 2013 ERROR: <-- (437 ms TIMEOUT -- VTV13) 
Fri Aug  2 18:07:47 2013 ERROR: <-- (437 ms TIMEOUT -- VTV14) 
Fri Aug  2 18:07:47 2013 ERROR: <-- (437 ms TIMEOUT -- VE0?) 
Fri Aug  2 18:07:48 2013 ERROR: <-- (438 ms TIMEOUT -- CHY1) 
Fri Aug  2 18:07:48 2013 ERROR: <-- (438 ms TIMEOUT -- CHZ1) 
Fri Aug  2 18:07:49 2013 ERROR: <-- (438 ms TIMEOUT -- EAY1) 
Fri Aug  2 18:07:49 2013 ERROR: <-- (438 ms TIMEOUT -- EAZ1) 
Fri Aug  2 18:07:49 2013 ERROR: <-- (438 ms TIMEOUT -- FRY1) 
Fri Aug  2 18:07:50 2013 ERROR: <-- (438 ms TIMEOUT -- FRZ1) 
Fri Aug  2 18:07:50 2013 ERROR: <-- (438 ms TIMEOUT -- LCY1) 
Fri Aug  2 18:07:51 2013 ERROR: <-- (438 ms TIMEOUT -- LCZ1) 
Fri Aug  2 18:07:51 2013 ERROR: <-- (438 ms TIMEOUT -- MOY1) 
Fri Aug  2 18:07:52 2013 ERROR: <-- (438 ms TIMEOUT -- MOZ1) 
Fri Aug  2 18:07:52 2013 ERROR: <-- (438 ms TIMEOUT -- PTY0) 
Fri Aug  2 18:07:53 2013 ERROR: <-- (438 ms TIMEOUT -- PTZ1) 
Fri Aug  2 18:07:53 2013 ERROR: <-- (438 ms TIMEOUT -- RFY1) 
Fri Aug  2 18:07:54 2013 ERROR: <-- (438 ms TIMEOUT -- RFZ1) 
Fri Aug  2 18:07:54 2013 ERROR: <-- (437 ms TIMEOUT -- NB?) 
Fri Aug  2 18:07:55 2013 ERROR: <-- (438 ms TIMEOUT -- FK?) 
Fri Aug  2 18:07:55 2013 ERROR: <-- (438 ms TIMEOUT -- OP?) 
Fri Aug  2 18:07:55 2013 ERROR: <-- (438 ms TIMEOUT -- CC?) 
Fri Aug  2 18:07:56 2013 ERROR: <-- (438 ms TIMEOUT -- CW?) 
Fri Aug  2 18:07:56 2013 ERROR: <-- (438 ms TIMEOUT -- NM?) 
Fri Aug  2 18:07:57 2013 ERROR: <-- (438 ms TIMEOUT -- RL?) 
Fri Aug  2 18:07:57 2013 ERROR: <-- (438 ms TIMEOUT -- RM?) 
Fri Aug  2 18:07:58 2013 ERROR: <-- (437 ms TIMEOUT -- RH?) 
Fri Aug  2 18:07:58 2013 ERROR: <-- (438 ms TIMEOUT -- SY1?) 
Fri Aug  2 18:07:59 2013 ERROR: <-- (438 ms TIMEOUT -- SY2?) 
Fri Aug  2 18:07:59 2013 ERROR: <-- (438 ms TIMEOUT -- CH?) 
Fri Aug  2 18:08:00 2013 ERROR: <-- (438 ms TIMEOUT -- TU?) 
Fri Aug  2 18:08:00 2013 ERROR: <-- (437 ms TIMEOUT -- PT?) 
Fri Aug  2 18:08:01 2013 ERROR: <-- (438 ms TIMEOUT -- PTT?) 
Fri Aug  2 18:08:01 2013 ERROR: <-- (438 ms TIMEOUT -- RF?) 
Fri Aug  2 18:08:01 2013 ERROR: <-- (438 ms TIMEOUT -- RT?) 
Fri Aug  2 18:08:02 2013 ERROR: <-- (437 ms TIMEOUT -- VE1?) 
Fri Aug  2 18:08:06 2013 ERROR: <-- (4297 ms TIMEOUT -- VE3?) 
Fri Aug  2 18:08:07 2013 ERROR: <-- (437 ms TIMEOUT -- VTV01) 
Fri Aug  2 18:08:07 2013 ERROR: <-- (437 ms TIMEOUT -- VTV02) 
Fri Aug  2 18:08:08 2013 ERROR: <-- (437 ms TIMEOUT -- VTV03) 
Fri Aug  2 18:08:08 2013 ERROR: <-- (437 ms TIMEOUT -- VTV04) 
Fri Aug  2 18:08:09 2013 ERROR: <-- (437 ms TIMEOUT -- VTV11) 
Fri Aug  2 18:08:09 2013 ERROR: <-- (437 ms TIMEOUT -- VTV12) 
Fri Aug  2 18:08:10 2013 ERROR: <-- (437 ms TIMEOUT -- VTV13) 
Fri Aug  2 18:08:10 2013 ERROR: <-- (437 ms TIMEOUT -- VTV14) 
Fri Aug  2 18:08:10 2013 ERROR: <-- (437 ms TIMEOUT -- VE0?) 
Fri Aug  2 18:08:11 2013 ERROR: <-- (438 ms TIMEOUT -- CHY1) 
Fri Aug  2 18:08:11 2013 ERROR: <-- (438 ms TIMEOUT -- CHZ1) 
Fri Aug  2 18:08:12 2013 ERROR: <-- (438 ms TIMEOUT -- EAY1) 
Fri Aug  2 18:08:12 2013 ERROR: <-- (438 ms TIMEOUT -- EAZ1) 
Fri Aug  2 18:08:13 2013 ERROR: <-- (438 ms TIMEOUT -- FRY1) 
Fri Aug  2 18:08:13 2013 ERROR: <-- (438 ms TIMEOUT -- FRZ1) 
Fri Aug  2 18:08:14 2013 ERROR: <-- (438 ms TIMEOUT -- LCY1) 
Fri Aug  2 18:08:14 2013 ERROR: <-- (437 ms TIMEOUT -- LCZ1) 
Fri Aug  2 18:08:15 2013 ERROR: <-- (437 ms TIMEOUT -- MOY1) 
Fri Aug  2 18:08:15 2013 ERROR: <-- (438 ms TIMEOUT -- MOZ1) 
Fri Aug  2 18:08:16 2013 ERROR: <-- (438 ms TIMEOUT -- PTY0) 
Fri Aug  2 18:08:16 2013 ERROR: <-- (438 ms TIMEOUT -- PTZ1) 
Fri Aug  2 18:08:16 2013 ERROR: <-- (438 ms TIMEOUT -- RFY1) 
Fri Aug  2 18:08:17 2013 ERROR: <-- (438 ms TIMEOUT -- RFZ1) 
Fri Aug  2 18:08:17 2013 ERROR: <-- (438 ms TIMEOUT -- NB?) 
Fri Aug  2 18:08:18 2013 ERROR: <-- (438 ms TIMEOUT -- FK?) 
Fri Aug  2 18:08:18 2013 ERROR: <-- (438 ms TIMEOUT -- OP?) 
Fri Aug  2 18:08:19 2013 ERROR: <-- (438 ms TIMEOUT -- CC?) 
Fri Aug  2 18:08:19 2013 ERROR: <-- (438 ms TIMEOUT -- CW?) 
Fri Aug  2 18:08:20 2013 ERROR: <-- (438 ms TIMEOUT -- NM?) 
Fri Aug  2 18:08:20 2013 ERROR: <-- (437 ms TIMEOUT -- RL?) 
Fri Aug  2 18:08:21 2013 ERROR: <-- (437 ms TIMEOUT -- RM?) 
Fri Aug  2 18:08:21 2013 ERROR: <-- (438 ms TIMEOUT -- RH?) 
Fri Aug  2 18:08:22 2013 ERROR: <-- (438 ms TIMEOUT -- SY1?) 
Fri Aug  2 18:08:22 2013 ERROR: <-- (438 ms TIMEOUT -- SY2?) 
Fri Aug  2 18:08:22 2013 ERROR: <-- (438 ms TIMEOUT -- CH?) 
Fri Aug  2 18:08:23 2013 ERROR: <-- (438 ms TIMEOUT -- TU?) 
Fri Aug  2 18:08:23 2013 ERROR: <-- (438 ms TIMEOUT -- PT?) 
Fri Aug  2 18:08:24 2013 ERROR: <-- (438 ms TIMEOUT -- PTT?) 
Fri Aug  2 18:08:24 2013 ERROR: <-- (438 ms TIMEOUT -- RF?) 
Fri Aug  2 18:08:25 2013 ERROR: <-- (438 ms TIMEOUT -- RT?) 
Fri Aug  2 18:08:25 2013 ERROR: <-- (437 ms TIMEOUT -- VE1?) 
Fri Aug  2 18:08:30 2013 ERROR: <-- (4297 ms TIMEOUT -- VE3?) 
Fri Aug  2 18:08:30 2013 ERROR: <-- (437 ms TIMEOUT -- VTV01) 
Fri Aug  2 18:08:30 2013 ERROR: <-- (437 ms TIMEOUT -- VTV02) 
Fri Aug  2 18:08:31 2013 ERROR: <-- (437 ms TIMEOUT -- VTV03) 
Fri Aug  2 18:08:31 2013 ERROR: <-- (437 ms TIMEOUT -- VTV04) 
Fri Aug  2 18:08:32 2013 ERROR: <-- (437 ms TIMEOUT -- VTV11) 
Fri Aug  2 18:08:32 2013 ERROR: <-- (437 ms TIMEOUT -- VTV12) 
Fri Aug  2 18:08:33 2013 ERROR: <-- (437 ms TIMEOUT -- VTV13) 
Fri Aug  2 18:08:33 2013 ERROR: <-- (437 ms TIMEOUT -- VTV14) 
Fri Aug  2 18:08:34 2013 ERROR: <-- (437 ms TIMEOUT -- VE0?) 
Fri Aug  2 18:08:34 2013 ERROR: <-- (438 ms TIMEOUT -- CHY1) 
Fri Aug  2 18:08:35 2013 ERROR: <-- (438 ms TIMEOUT -- CHZ1) 
Fri Aug  2 18:08:35 2013 ERROR: <-- (438 ms TIMEOUT -- EAY1) 
Fri Aug  2 18:08:36 2013 ERROR: <-- (438 ms TIMEOUT -- EAZ1) 
Fri Aug  2 18:08:36 2013 ERROR: <-- (438 ms TIMEOUT -- FRY1) 
Fri Aug  2 18:08:36 2013 ERROR: <-- (438 ms TIMEOUT -- FRZ1) 
Fri Aug  2 18:08:37 2013 ERROR: <-- (438 ms TIMEOUT -- LCY1) 
Fri Aug  2 18:08:37 2013 ERROR: <-- (438 ms TIMEOUT -- LCZ1) 
Fri Aug  2 18:08:38 2013 ERROR: <-- (438 ms TIMEOUT -- MOY1) 
Fri Aug  2 18:08:38 2013 ERROR: <-- (437 ms TIMEOUT -- MOZ1) 
Fri Aug  2 18:08:39 2013 ERROR: <-- (438 ms TIMEOUT -- PTY0) 
Fri Aug  2 18:08:39 2013 ERROR: <-- (438 ms TIMEOUT -- PTZ1) 
Fri Aug  2 18:08:40 2013 ERROR: <-- (438 ms TIMEOUT -- RFY1) 
Fri Aug  2 18:08:40 2013 ERROR: <-- (438 ms TIMEOUT -- RFZ1) 
Fri Aug  2 18:08:41 2013 ERROR: <-- (438 ms TIMEOUT -- NB?) 
Fri Aug  2 18:08:41 2013 ERROR: <-- (438 ms TIMEOUT -- FK?) 
Fri Aug  2 18:08:42 2013 ERROR: <-- (438 ms TIMEOUT -- OP?) 
Fri Aug  2 18:08:42 2013 ERROR: <-- (438 ms TIMEOUT -- CC?) 
Fri Aug  2 18:08:42 2013 ERROR: <-- (438 ms TIMEOUT -- CW?) 
Fri Aug  2 18:08:43 2013 ERROR: <-- (438 ms TIMEOUT -- NM?) 
Fri Aug  2 18:08:43 2013 ERROR: <-- (438 ms TIMEOUT -- RL?) 
Fri Aug  2 18:08:44 2013 ERROR: <-- (438 ms TIMEOUT -- RM?) 
Fri Aug  2 18:08:44 2013 ERROR: <-- (432 ms TIMEOUT -- RH?) 
Fri Aug  2 18:08:45 2013 ERROR: <-- (437 ms TIMEOUT -- SY1?) 
Fri Aug  2 18:08:45 2013 ERROR: <-- (438 ms TIMEOUT -- SY2?) 
Fri Aug  2 18:08:46 2013 ERROR: <-- (438 ms TIMEOUT -- CH?) 
Fri Aug  2 18:08:46 2013 ERROR: <-- (438 ms TIMEOUT -- TU?) 
Fri Aug  2 18:08:47 2013 ERROR: <-- (438 ms TIMEOUT -- PT?) 
Fri Aug  2 18:08:47 2013 ERROR: <-- (438 ms TIMEOUT -- PTT?) 
Fri Aug  2 18:08:48 2013 ERROR: <-- (438 ms TIMEOUT -- RF?) 
Fri Aug  2 18:08:48 2013 ERROR: <-- (438 ms TIMEOUT -- RT?) 
Fri Aug  2 18:08:48 2013 ERROR: <-- (437 ms TIMEOUT -- VE1?) 
Fri Aug  2 18:08:53 2013 ERROR: <-- (4297 ms TIMEOUT -- VE3?) 
Fri Aug  2 18:08:53 2013 ERROR: <-- (437 ms TIMEOUT -- VTV01) 
Fri Aug  2 18:08:54 2013 ERROR: <-- (437 ms TIMEOUT -- VTV02) 
Fri Aug  2 18:08:54 2013 ERROR: <-- (437 ms TIMEOUT -- VTV03) 
Fri Aug  2 18:08:55 2013 ERROR: <-- (437 ms TIMEOUT -- VTV04) 
Fri Aug  2 18:08:55 2013 ERROR: <-- (437 ms TIMEOUT -- VTV11) 
Fri Aug  2 18:08:56 2013 ERROR: <-- (437 ms TIMEOUT -- VTV12) 
Fri Aug  2 18:08:56 2013 ERROR: <-- (438 ms TIMEOUT -- VTV13) 
Fri Aug  2 18:08:57 2013 ERROR: <-- (437 ms TIMEOUT -- VTV14) 
Fri Aug  2 18:08:57 2013 ERROR: <-- (437 ms TIMEOUT -- VE0?) 
Fri Aug  2 18:08:57 2013 ERROR: <-- (438 ms TIMEOUT -- CHY1) 
Fri Aug  2 18:08:58 2013 ERROR: <-- (438 ms TIMEOUT -- CHZ1) 
Fri Aug  2 18:08:58 2013 ERROR: <-- (438 ms TIMEOUT -- EAY1) 
Fri Aug  2 18:08:59 2013 ERROR: <-- (438 ms TIMEOUT -- EAZ1) 
Fri Aug  2 18:08:59 2013 ERROR: <-- (438 ms TIMEOUT -- FRY1) 
Fri Aug  2 18:09:00 2013 ERROR: <-- (438 ms TIMEOUT -- FRZ1) 
Fri Aug  2 18:09:00 2013 ERROR: <-- (438 ms TIMEOUT -- LCY1) 
Fri Aug  2 18:09:01 2013 ERROR: <-- (438 ms TIMEOUT -- LCZ1) 
Fri Aug  2 18:09:01 2013 ERROR: <-- (438 ms TIMEOUT -- MOY1) 
Fri Aug  2 18:09:02 2013 ERROR: <-- (438 ms TIMEOUT -- MOZ1) 
Fri Aug  2 18:09:02 2013 ERROR: <-- (438 ms TIMEOUT -- PTY0) 
Fri Aug  2 18:09:03 2013 ERROR: <-- (438 ms TIMEOUT -- PTZ1) 
Fri Aug  2 18:09:03 2013 ERROR: <-- (438 ms TIMEOUT -- RFY1) 
Fri Aug  2 18:09:03 2013 ERROR: <-- (438 ms TIMEOUT -- RFZ1) 
Fri Aug  2 18:09:04 2013 ERROR: <-- (438 ms TIMEOUT -- NB?) 
Fri Aug  2 18:09:04 2013 ERROR: <-- (438 ms TIMEOUT -- FK?) 
Fri Aug  2 18:09:05 2013 ERROR: <-- (438 ms TIMEOUT -- OP?) 
Fri Aug  2 18:09:05 2013 ERROR: <-- (438 ms TIMEOUT -- CC?) 
Fri Aug  2 18:09:06 2013 ERROR: <-- (438 ms TIMEOUT -- CW?) 
Fri Aug  2 18:09:06 2013 ERROR: <-- (438 ms TIMEOUT -- NM?) 
Fri Aug  2 18:09:07 2013 ERROR: <-- (437 ms TIMEOUT -- RL?) 
Fri Aug  2 18:09:07 2013 ERROR: <-- (438 ms TIMEOUT -- RM?) 
Fri Aug  2 18:09:08 2013 ERROR: <-- (438 ms TIMEOUT -- RH?) 
Fri Aug  2 18:09:08 2013 ERROR: <-- (437 ms TIMEOUT -- SY1?) 
Fri Aug  2 18:09:09 2013 ERROR: <-- (438 ms TIMEOUT -- SY2?) 
Fri Aug  2 18:09:09 2013 ERROR: <-- (438 ms TIMEOUT -- CH?) 
Fri Aug  2 18:09:09 2013 ERROR: <-- (438 ms TIMEOUT -- TU?) 
Fri Aug  2 18:09:10 2013 ERROR: <-- (438 ms TIMEOUT -- PT?) 
Fri Aug  2 18:09:10 2013 ERROR: <-- (438 ms TIMEOUT -- PTT?) 
Fri Aug  2 18:09:11 2013 ERROR: <-- (438 ms TIMEOUT -- RF?) 
Fri Aug  2 18:09:11 2013 ERROR: <-- (438 ms TIMEOUT -- RT?) 
Fri Aug  2 18:09:12 2013 ERROR: <-- (437 ms TIMEOUT -- VE1?) 
Fri Aug  2 18:09:16 2013 ERROR: <-- (4297 ms TIMEOUT -- VE3?) 
Fri Aug  2 18:09:17 2013 ERROR: <-- (437 ms TIMEOUT -- VTV01) 
Fri Aug  2 18:09:17 2013 ERROR: <-- (437 ms TIMEOUT -- VTV02) 
Fri Aug  2 18:09:18 2013 ERROR: <-- (437 ms TIMEOUT -- VTV03) 
Fri Aug  2 18:09:18 2013 ERROR: <-- (437 ms TIMEOUT -- VTV04) 
Fri Aug  2 18:09:18 2013 ERROR: <-- (437 ms TIMEOUT -- VTV11) 
Fri Aug  2 18:09:19 2013 ERROR: <-- (437 ms TIMEOUT -- VTV12) 
Fri Aug  2 18:09:19 2013 ERROR: <-- (437 ms TIMEOUT -- VTV13) 
Fri Aug  2 18:09:20 2013 ERROR: <-- (437 ms TIMEOUT -- VTV14) 
Fri Aug  2 18:09:20 2013 ERROR: <-- (437 ms TIMEOUT -- VE0?) 
Fri Aug  2 18:09:21 2013 ERROR: <-- (438 ms TIMEOUT -- CHY1) 
Fri Aug  2 18:09:21 2013 ERROR: <-- (438 ms TIMEOUT -- CHZ1) 
Fri Aug  2 18:09:22 2013 ERROR: <-- (438 ms TIMEOUT -- EAY1) 
Fri Aug  2 18:09:22 2013 ERROR: <-- (437 ms TIMEOUT -- EAZ1) 
Fri Aug  2 18:09:23 2013 ERROR: <-- (437 ms TIMEOUT -- FRY1) 
Fri Aug  2 18:09:23 2013 ERROR: <-- (438 ms TIMEOUT -- FRZ1) 
Fri Aug  2 18:09:24 2013 ERROR: <-- (438 ms TIMEOUT -- LCY1) 
Fri Aug  2 18:09:24 2013 ERROR: <-- (438 ms TIMEOUT -- LCZ1) 
Fri Aug  2 18:09:24 2013 ERROR: <-- (438 ms TIMEOUT -- MOY1) 
Fri Aug  2 18:09:25 2013 ERROR: <-- (438 ms TIMEOUT -- MOZ1) 
Fri Aug  2 18:09:25 2013 ERROR: <-- (438 ms TIMEOUT -- PTY0) 
Fri Aug  2 18:09:26 2013 ERROR: <-- (438 ms TIMEOUT -- PTZ1) 
Fri Aug  2 18:09:26 2013 ERROR: <-- (438 ms TIMEOUT -- RFY1) 
Fri Aug  2 18:09:27 2013 ERROR: <-- (438 ms TIMEOUT -- RFZ1) 
Fri Aug  2 18:09:27 2013 ERROR: <-- (438 ms TIMEOUT -- NB?) 
Fri Aug  2 18:09:28 2013 ERROR: <-- (438 ms TIMEOUT -- FK?) 
Fri Aug  2 18:09:28 2013 ERROR: <-- (437 ms TIMEOUT -- OP?) 
Fri Aug  2 18:09:29 2013 ERROR: <-- (437 ms TIMEOUT -- CC?) 
Fri Aug  2 18:09:29 2013 ERROR: <-- (438 ms TIMEOUT -- CW?) 
Fri Aug  2 18:09:30 2013 ERROR: <-- (438 ms TIMEOUT -- NM?) 
Fri Aug  2 18:09:30 2013 ERROR: <-- (438 ms TIMEOUT -- RL?) 
Fri Aug  2 18:09:30 2013 ERROR: <-- (438 ms TIMEOUT -- RM?) 
Fri Aug  2 18:09:31 2013 ERROR: <-- (438 ms TIMEOUT -- RH?) 
Fri Aug  2 18:09:31 2013 ERROR: <-- (438 ms TIMEOUT -- SY1?) 
Fri Aug  2 18:09:32 2013 ERROR: <-- (438 ms TIMEOUT -- SY2?) 
Fri Aug  2 18:09:32 2013 ERROR: <-- (438 ms TIMEOUT -- CH?) 
Fri Aug  2 18:09:33 2013 ERROR: <-- (438 ms TIMEOUT -- TU?) 
Fri Aug  2 18:09:33 2013 ERROR: <-- (438 ms TIMEOUT -- PT?) 
Fri Aug  2 18:09:34 2013 ERROR: <-- (438 ms TIMEOUT -- PTT?) 
Fri Aug  2 18:09:34 2013 ERROR: <-- (437 ms TIMEOUT -- RF?) 
Fri Aug  2 18:09:35 2013 ERROR: <-- (437 ms TIMEOUT -- RT?) 
Fri Aug  2 18:09:35 2013 ERROR: <-- (437 ms TIMEOUT -- VE1?) 
Fri Aug  2 18:09:39 2013 ERROR: <-- (4297 ms TIMEOUT -- VE3?) 
Fri Aug  2 18:09:40 2013 ERROR: <-- (437 ms TIMEOUT -- VTV01) 
Fri Aug  2 18:09:40 2013 ERROR: <-- (437 ms TIMEOUT -- VTV02) 
Fri Aug  2 18:09:41 2013 ERROR: <-- (437 ms TIMEOUT -- VTV03) 
Fri Aug  2 18:09:41 2013 ERROR: <-- (437 ms TIMEOUT -- VTV04) 
Fri Aug  2 18:09:42 2013 ERROR: <-- (437 ms TIMEOUT -- VTV11) 
Fri Aug  2 18:09:42 2013 ERROR: <-- (437 ms TIMEOUT -- VTV12) 
Fri Aug  2 18:09:43 2013 ERROR: <-- (437 ms TIMEOUT -- VTV13) 
Fri Aug  2 18:09:43 2013 ERROR: <-- (437 ms TIMEOUT -- VTV14) 
Fri Aug  2 18:09:44 2013 ERROR: <-- (437 ms TIMEOUT -- VE0?) 
Fri Aug  2 18:09:44 2013 ERROR: <-- (438 ms TIMEOUT -- CHY1) 
Fri Aug  2 18:09:44 2013 ERROR: <-- (438 ms TIMEOUT -- CHZ1) 
Fri Aug  2 18:09:45 2013 ERROR: <-- (432 ms TIMEOUT -- EAY1) 
Fri Aug  2 18:09:45 2013 ERROR: <-- (439 ms TIMEOUT -- EAZ1) 
Fri Aug  2 18:09:46 2013 ERROR: <-- (437 ms TIMEOUT -- FRY1) 
Fri Aug  2 18:09:46 2013 ERROR: <-- (437 ms TIMEOUT -- FRZ1) 
Fri Aug  2 18:09:47 2013 ERROR: <-- (438 ms TIMEOUT -- LCY1) 
Fri Aug  2 18:09:47 2013 ERROR: <-- (438 ms TIMEOUT -- LCZ1) 
Fri Aug  2 18:09:48 2013 ERROR: <-- (438 ms TIMEOUT -- MOY1) 
Fri Aug  2 18:09:48 2013 ERROR: <-- (438 ms TIMEOUT -- MOZ1) 
Fri Aug  2 18:09:49 2013 ERROR: <-- (438 ms TIMEOUT -- PTY0) 
Fri Aug  2 18:09:49 2013 ERROR: <-- (437 ms TIMEOUT -- PTZ1) 
Fri Aug  2 18:09:50 2013 ERROR: <-- (438 ms TIMEOUT -- RFY1) 
Fri Aug  2 18:09:50 2013 ERROR: <-- (438 ms TIMEOUT -- RFZ1) 
Fri Aug  2 18:09:50 2013 ERROR: <-- (438 ms TIMEOUT -- NB?) 
Fri Aug  2 18:09:51 2013 ERROR: <-- (438 ms TIMEOUT -- FK?) 
Fri Aug  2 18:09:51 2013 ERROR: <-- (438 ms TIMEOUT -- OP?) 
Fri Aug  2 18:09:52 2013 ERROR: <-- (438 ms TIMEOUT -- CC?) 
Fri Aug  2 18:09:52 2013 ERROR: <-- (437 ms TIMEOUT -- CW?) 
Fri Aug  2 18:09:53 2013 ERROR: <-- (438 ms TIMEOUT -- NM?) 
Fri Aug  2 18:09:53 2013 ERROR: <-- (438 ms TIMEOUT -- RL?) 
Fri Aug  2 18:09:54 2013 ERROR: <-- (438 ms TIMEOUT -- RM?) 
Fri Aug  2 18:09:54 2013 ERROR: <-- (438 ms TIMEOUT -- RH?) 
Fri Aug  2 18:09:55 2013 ERROR: <-- (438 ms TIMEOUT -- SY1?) 
Fri Aug  2 18:09:55 2013 ERROR: <-- (438 ms TIMEOUT -- SY2?) 
Fri Aug  2 18:09:56 2013 ERROR: <-- (438 ms TIMEOUT -- CH?) 
Fri Aug  2 18:09:56 2013 ERROR: <-- (438 ms TIMEOUT -- TU?) 
Fri Aug  2 18:09:56 2013 ERROR: <-- (438 ms TIMEOUT -- PT?) 
Fri Aug  2 18:09:57 2013 ERROR: <-- (438 ms TIMEOUT -- PTT?) 
Fri Aug  2 18:09:57 2013 ERROR: <-- (438 ms TIMEOUT -- RF?) 
Fri Aug  2 18:09:58 2013 ERROR: <-- (438 ms TIMEOUT -- RT?) 
Fri Aug  2 18:09:58 2013 ERROR: <-- (437 ms TIMEOUT -- VE1?) 
Fri Aug  2 18:10:03 2013 ERROR: <-- (4297 ms TIMEOUT -- VE3?) 
Fri Aug  2 18:10:03 2013 ERROR: <-- (437 ms TIMEOUT -- VTV01) 
Fri Aug  2 18:10:04 2013 ERROR: <-- (437 ms TIMEOUT -- VTV02) 
Fri Aug  2 18:10:04 2013 ERROR: <-- (438 ms TIMEOUT -- VTV03) 
Fri Aug  2 18:10:05 2013 ERROR: <-- (437 ms TIMEOUT -- VTV04) 
Fri Aug  2 18:10:05 2013 ERROR: <-- (437 ms TIMEOUT -- VTV11) 
Fri Aug  2 18:10:05 2013 ERROR: <-- (437 ms TIMEOUT -- VTV12) 
Fri Aug  2 18:10:06 2013 ERROR: <-- (437 ms TIMEOUT -- VTV13) 
Fri Aug  2 18:10:06 2013 ERROR: <-- (437 ms TIMEOUT -- VTV14) 
Fri Aug  2 18:10:07 2013 ERROR: <-- (437 ms TIMEOUT -- VE0?) 
Fri Aug  2 18:10:07 2013 ERROR: <-- (438 ms TIMEOUT -- CHY1) 
Fri Aug  2 18:10:08 2013 ERROR: <-- (438 ms TIMEOUT -- CHZ1) 
Fri Aug  2 18:10:08 2013 ERROR: <-- (438 ms TIMEOUT -- EAY1) 
Fri Aug  2 18:10:09 2013 ERROR: <-- (438 ms TIMEOUT -- EAZ1) 
Fri Aug  2 18:10:09 2013 ERROR: <-- (438 ms TIMEOUT -- FRY1) 
Fri Aug  2 18:10:10 2013 ERROR: <-- (438 ms TIMEOUT -- FRZ1) 
Fri Aug  2 18:10:10 2013 ERROR: <-- (438 ms TIMEOUT -- LCY1) 
Fri Aug  2 18:10:11 2013 ERROR: <-- (438 ms TIMEOUT -- LCZ1) 
Fri Aug  2 18:10:11 2013 ERROR: <-- (438 ms TIMEOUT -- MOY1) 
Fri Aug  2 18:10:11 2013 ERROR: <-- (438 ms TIMEOUT -- MOZ1) 
Fri Aug  2 18:10:12 2013 ERROR: <-- (438 ms TIMEOUT -- PTY0) 
Fri Aug  2 18:10:12 2013 ERROR: <-- (438 ms TIMEOUT -- PTZ1) 
Fri Aug  2 18:10:13 2013 ERROR: <-- (438 ms TIMEOUT -- RFY1) 
Fri Aug  2 18:10:13 2013 ERROR: <-- (438 ms TIMEOUT -- RFZ1) 
Fri Aug  2 18:10:14 2013 ERROR: <-- (438 ms TIMEOUT -- NB?) 
Fri Aug  2 18:10:14 2013 ERROR: <-- (438 ms TIMEOUT -- FK?) 
Fri Aug  2 18:10:15 2013 ERROR: <-- (438 ms TIMEOUT -- OP?) 
Fri Aug  2 18:10:15 2013 ERROR: <-- (438 ms TIMEOUT -- CC?) 
Fri Aug  2 18:10:16 2013 ERROR: <-- (438 ms TIMEOUT -- CW?) 
Fri Aug  2 18:10:16 2013 ERROR: <-- (438 ms TIMEOUT -- NM?) 
Fri Aug  2 18:10:17 2013 ERROR: <-- (438 ms TIMEOUT -- RL?) 
Fri Aug  2 18:10:17 2013 ERROR: <-- (438 ms TIMEOUT -- RM?) 
Fri Aug  2 18:10:17 2013 ERROR: <-- (438 ms TIMEOUT -- RH?) 
Fri Aug  2 18:10:18 2013 ERROR: <-- (438 ms TIMEOUT -- SY1?) 
Fri Aug  2 18:10:18 2013 ERROR: <-- (438 ms TIMEOUT -- SY2?) 
Fri Aug  2 18:10:19 2013 ERROR: <-- (438 ms TIMEOUT -- CH?) 
Fri Aug  2 18:10:19 2013 ERROR: <-- (438 ms TIMEOUT -- TU?) 
Fri Aug  2 18:10:20 2013 ERROR: <-- (438 ms TIMEOUT -- PT?) 
Fri Aug  2 18:10:20 2013 ERROR: <-- (438 ms TIMEOUT -- PTT?) 
Fri Aug  2 18:10:21 2013 ERROR: <-- (438 ms TIMEOUT -- RF?) 
Fri Aug  2 18:10:21 2013 ERROR: <-- (438 ms TIMEOUT -- RT?) 
Fri Aug  2 18:10:22 2013 ERROR: <-- (437 ms TIMEOUT -- VE1?) 
Fri Aug  2 18:10:26 2013 ERROR: <-- (4347 ms TIMEOUT -- VE3?) 
Fri Aug  2 18:10:26 2013 ERROR: <-- (437 ms TIMEOUT -- VTV01) 
Fri Aug  2 18:10:27 2013 ERROR: <-- (437 ms TIMEOUT -- VTV02) 
Fri Aug  2 18:10:27 2013 ERROR: <-- (437 ms TIMEOUT -- VTV03) 
Fri Aug  2 18:10:28 2013 ERROR: <-- (437 ms TIMEOUT -- VTV04) 
Fri Aug  2 18:10:28 2013 ERROR: <-- (437 ms TIMEOUT -- VTV11) 
Fri Aug  2 18:10:29 2013 ERROR: <-- (437 ms TIMEOUT -- VTV12) 
Fri Aug  2 18:10:29 2013 ERROR: <-- (437 ms TIMEOUT -- VTV13) 
Fri Aug  2 18:10:30 2013 ERROR: <-- (437 ms TIMEOUT -- VTV14) 
Fri Aug  2 18:10:30 2013 ERROR: <-- (437 ms TIMEOUT -- VE0?) 
Fri Aug  2 18:10:31 2013 ERROR: <-- (438 ms TIMEOUT -- CHY1) 
Fri Aug  2 18:10:31 2013 ERROR: <-- (437 ms TIMEOUT -- CHZ1) 
Fri Aug  2 18:10:32 2013 ERROR: <-- (438 ms TIMEOUT -- EAY1) 
Fri Aug  2 18:10:32 2013 ERROR: <-- (438 ms TIMEOUT -- EAZ1) 
Fri Aug  2 18:10:32 2013 ERROR: <-- (438 ms TIMEOUT -- FRY1) 
Fri Aug  2 18:10:33 2013 ERROR: <-- (438 ms TIMEOUT -- FRZ1) 
Fri Aug  2 18:10:33 2013 ERROR: <-- (438 ms TIMEOUT -- LCY1) 
Fri Aug  2 18:10:34 2013 ERROR: <-- (438 ms TIMEOUT -- LCZ1) 
Fri Aug  2 18:10:34 2013 ERROR: <-- (438 ms TIMEOUT -- MOY1) 
Fri Aug  2 18:10:35 2013 ERROR: <-- (438 ms TIMEOUT -- MOZ1) 
Fri Aug  2 18:10:35 2013 ERROR: <-- (438 ms TIMEOUT -- PTY0) 
Fri Aug  2 18:10:36 2013 ERROR: <-- (438 ms TIMEOUT -- PTZ1) 
Fri Aug  2 18:10:36 2013 ERROR: <-- (438 ms TIMEOUT -- RFY1) 
Fri Aug  2 18:10:37 2013 ERROR: <-- (438 ms TIMEOUT -- RFZ1) 
Fri Aug  2 18:10:37 2013 ERROR: <-- (438 ms TIMEOUT -- NB?) 
Fri Aug  2 18:10:38 2013 ERROR: <-- (438 ms TIMEOUT -- FK?) 
Fri Aug  2 18:10:38 2013 ERROR: <-- (438 ms TIMEOUT -- OP?) 
Fri Aug  2 18:10:38 2013 ERROR: <-- (438 ms TIMEOUT -- CC?) 
Fri Aug  2 18:10:39 2013 ERROR: <-- (438 ms TIMEOUT -- CW?) 
Fri Aug  2 18:10:39 2013 ERROR: <-- (438 ms TIMEOUT -- NM?) 
Fri Aug  2 18:10:40 2013 ERROR: <-- (438 ms TIMEOUT -- RL?) 
Fri Aug  2 18:10:40 2013 ERROR: <-- (438 ms TIMEOUT -- RM?) 
Fri Aug  2 18:10:41 2013 ERROR: <-- (438 ms TIMEOUT -- RH?) 
Fri Aug  2 18:10:41 2013 ERROR: <-- (438 ms TIMEOUT -- SY1?) 
Fri Aug  2 18:10:42 2013 ERROR: <-- (438 ms TIMEOUT -- SY2?) 
Fri Aug  2 18:10:42 2013 ERROR: <-- (438 ms TIMEOUT -- CH?) 
Fri Aug  2 18:10:43 2013 ERROR: <-- (438 ms TIMEOUT -- TU?) 
Fri Aug  2 18:10:43 2013 ERROR: <-- (438 ms TIMEOUT -- PT?) 
Fri Aug  2 18:10:44 2013 ERROR: <-- (438 ms TIMEOUT -- PTT?) 
Fri Aug  2 18:10:44 2013 ERROR: <-- (438 ms TIMEOUT -- RF?) 
Fri Aug  2 18:10:44 2013 ERROR: <-- (438 ms TIMEOUT -- RT?) 
Fri Aug  2 18:10:45 2013 ERROR: <-- (437 ms TIMEOUT -- VE1?) 
Fri Aug  2 18:10:49 2013 ERROR: <-- (4297 ms TIMEOUT -- VE3?) 
Fri Aug  2 18:10:50 2013 ERROR: <-- (432 ms TIMEOUT -- VTV01) 
Fri Aug  2 18:10:50 2013 ERROR: <-- (437 ms TIMEOUT -- VTV02) 
Fri Aug  2 18:10:51 2013 ERROR: <-- (437 ms TIMEOUT -- VTV03) 
Fri Aug  2 18:10:51 2013 ERROR: <-- (437 ms TIMEOUT -- VTV04) 
Fri Aug  2 18:10:52 2013 ERROR: <-- (437 ms TIMEOUT -- VTV11) 
Fri Aug  2 18:10:52 2013 ERROR: <-- (437 ms TIMEOUT -- VTV12) 
Fri Aug  2 18:10:53 2013 ERROR: <-- (437 ms TIMEOUT -- VTV13) 
Fri Aug  2 18:10:53 2013 ERROR: <-- (437 ms TIMEOUT -- VTV14) 
Fri Aug  2 18:10:53 2013 ERROR: <-- (437 ms TIMEOUT -- VE0?) 
Fri Aug  2 18:10:54 2013 ERROR: <-- (438 ms TIMEOUT -- CHY1) 
Fri Aug  2 18:10:54 2013 ERROR: <-- (437 ms TIMEOUT -- CHZ1) 
Fri Aug  2 18:10:55 2013 ERROR: <-- (438 ms TIMEOUT -- EAY1) 
Fri Aug  2 18:10:55 2013 ERROR: <-- (438 ms TIMEOUT -- EAZ1) 
Fri Aug  2 18:10:56 2013 ERROR: <-- (438 ms TIMEOUT -- FRY1) 
Fri Aug  2 18:10:56 2013 ERROR: <-- (438 ms TIMEOUT -- FRZ1) 
Fri Aug  2 18:10:57 2013 ERROR: <-- (438 ms TIMEOUT -- LCY1) 
Fri Aug  2 18:10:57 2013 ERROR: <-- (438 ms TIMEOUT -- LCZ1) 
Fri Aug  2 18:10:58 2013 ERROR: <-- (437 ms TIMEOUT -- MOY1) 
Fri Aug  2 18:10:58 2013 ERROR: <-- (438 ms TIMEOUT -- MOZ1) 
Fri Aug  2 18:10:59 2013 ERROR: <-- (438 ms TIMEOUT -- PTY0) 
Fri Aug  2 18:10:59 2013 ERROR: <-- (438 ms TIMEOUT -- PTZ1) 
Fri Aug  2 18:10:59 2013 ERROR: <-- (438 ms TIMEOUT -- RFY1) 
Fri Aug  2 18:11:00 2013 ERROR: <-- (438 ms TIMEOUT -- RFZ1) 
Fri Aug  2 18:11:00 2013 ERROR: <-- (438 ms TIMEOUT -- NB?) 
Fri Aug  2 18:11:01 2013 ERROR: <-- (438 ms TIMEOUT -- FK?) 
Fri Aug  2 18:11:01 2013 ERROR: <-- (438 ms TIMEOUT -- OP?) 
Fri Aug  2 18:11:02 2013 ERROR: <-- (438 ms TIMEOUT -- CC?) 
Fri Aug  2 18:11:02 2013 ERROR: <-- (438 ms TIMEOUT -- CW?) 
Fri Aug  2 18:11:03 2013 ERROR: <-- (438 ms TIMEOUT -- NM?) 
Fri Aug  2 18:11:03 2013 ERROR: <-- (438 ms TIMEOUT -- RL?) 
Fri Aug  2 18:11:04 2013 ERROR: <-- (437 ms TIMEOUT -- RM?) 
Fri Aug  2 18:11:04 2013 ERROR: <-- (437 ms TIMEOUT -- RH?) 
Fri Aug  2 18:11:05 2013 ERROR: <-- (438 ms TIMEOUT -- SY1?) 
Fri Aug  2 18:11:05 2013 ERROR: <-- (438 ms TIMEOUT -- SY2?) 
Fri Aug  2 18:11:05 2013 ERROR: <-- (438 ms TIMEOUT -- CH?) 
Fri Aug  2 18:11:06 2013 ERROR: <-- (437 ms TIMEOUT -- TU?) 
Fri Aug  2 18:11:06 2013 ERROR: <-- (438 ms TIMEOUT -- PT?) 
Fri Aug  2 18:11:07 2013 ERROR: <-- (438 ms TIMEOUT -- PTT?) 
Fri Aug  2 18:11:07 2013 ERROR: <-- (438 ms TIMEOUT -- RF?) 
Fri Aug  2 18:11:08 2013 ERROR: <-- (438 ms TIMEOUT -- RT?) 
Fri Aug  2 18:11:08 2013 ERROR: <-- (437 ms TIMEOUT -- VE1?) 
Fri Aug  2 18:11:13 2013 ERROR: <-- (4297 ms TIMEOUT -- VE3?) 
Fri Aug  2 18:11:13 2013 ERROR: <-- (437 ms TIMEOUT -- VTV01) 
Fri Aug  2 18:11:14 2013 ERROR: <-- (437 ms TIMEOUT -- VTV02) 
Fri Aug  2 18:11:14 2013 ERROR: <-- (437 ms TIMEOUT -- VTV03) 
Fri Aug  2 18:11:14 2013 ERROR: <-- (437 ms TIMEOUT -- VTV04) 
Fri Aug  2 18:11:15 2013 ERROR: <-- (437 ms TIMEOUT -- VTV11) 
Fri Aug  2 18:11:15 2013 ERROR: <-- (437 ms TIMEOUT -- VTV12) 
Fri Aug  2 18:11:16 2013 ERROR: <-- (437 ms TIMEOUT -- VTV13) 
Fri Aug  2 18:11:16 2013 ERROR: <-- (437 ms TIMEOUT -- VTV14) 
Fri Aug  2 18:11:17 2013 ERROR: <-- (437 ms TIMEOUT -- VE0?) 
Fri Aug  2 18:11:17 2013 ERROR: <-- (438 ms TIMEOUT -- CHY1) 
Fri Aug  2 18:11:18 2013 ERROR: <-- (438 ms TIMEOUT -- CHZ1) 
Fri Aug  2 18:11:18 2013 ERROR: <-- (438 ms TIMEOUT -- EAY1) 
Fri Aug  2 18:11:19 2013 ERROR: <-- (437 ms TIMEOUT -- EAZ1) 
Fri Aug  2 18:11:19 2013 ERROR: <-- (438 ms TIMEOUT -- FRY1) 
Fri Aug  2 18:11:20 2013 ERROR: <-- (438 ms TIMEOUT -- FRZ1) 
Fri Aug  2 18:11:20 2013 ERROR: <-- (438 ms TIMEOUT -- LCY1) 
Fri Aug  2 18:11:20 2013 ERROR: <-- (438 ms TIMEOUT -- LCZ1) 
Fri Aug  2 18:11:21 2013 ERROR: <-- (438 ms TIMEOUT -- MOY1) 
Fri Aug  2 18:11:21 2013 ERROR: <-- (438 ms TIMEOUT -- MOZ1) 
Fri Aug  2 18:11:22 2013 ERROR: <-- (438 ms TIMEOUT -- PTY0) 
Fri Aug  2 18:11:22 2013 ERROR: <-- (438 ms TIMEOUT -- PTZ1) 
Fri Aug  2 18:11:23 2013 ERROR: <-- (438 ms TIMEOUT -- RFY1) 
Fri Aug  2 18:11:23 2013 ERROR: <-- (438 ms TIMEOUT -- RFZ1) 
Fri Aug  2 18:11:24 2013 ERROR: <-- (438 ms TIMEOUT -- NB?) 
Fri Aug  2 18:11:24 2013 ERROR: <-- (438 ms TIMEOUT -- FK?) 
Fri Aug  2 18:11:25 2013 ERROR: <-- (437 ms TIMEOUT -- OP?) 
Fri Aug  2 18:11:25 2013 ERROR: <-- (438 ms TIMEOUT -- CC?) 
Fri Aug  2 18:11:26 2013 ERROR: <-- (438 ms TIMEOUT -- CW?) 
Fri Aug  2 18:11:26 2013 ERROR: <-- (438 ms TIMEOUT -- NM?) 
Fri Aug  2 18:11:26 2013 ERROR: <-- (438 ms TIMEOUT -- RL?) 
Fri Aug  2 18:11:27 2013 ERROR: <-- (438 ms TIMEOUT -- RM?) 
Fri Aug  2 18:11:27 2013 ERROR: <-- (437 ms TIMEOUT -- RH?) 
Fri Aug  2 18:11:28 2013 ERROR: <-- (438 ms TIMEOUT -- SY1?) 
Fri Aug  2 18:11:28 2013 ERROR: <-- (438 ms TIMEOUT -- SY2?) 
Fri Aug  2 18:11:29 2013 ERROR: <-- (437 ms TIMEOUT -- CH?) 
Fri Aug  2 18:11:29 2013 ERROR: <-- (438 ms TIMEOUT -- TU?) 
Fri Aug  2 18:11:30 2013 ERROR: <-- (438 ms TIMEOUT -- PT?) 
Fri Aug  2 18:11:30 2013 ERROR: <-- (438 ms TIMEOUT -- PTT?) 
Fri Aug  2 18:11:31 2013 ERROR: <-- (437 ms TIMEOUT -- RF?) 
Fri Aug  2 18:11:31 2013 ERROR: <-- (437 ms TIMEOUT -- RT?) 
Fri Aug  2 18:11:32 2013 ERROR: <-- (437 ms TIMEOUT -- VE1?) 
Fri Aug  2 18:11:36 2013 ERROR: <-- (4297 ms TIMEOUT -- VE3?) 
Fri Aug  2 18:11:36 2013 ERROR: <-- (437 ms TIMEOUT -- VTV01) 
Fri Aug  2 18:11:37 2013 ERROR: <-- (437 ms TIMEOUT -- VTV02) 
Fri Aug  2 18:11:37 2013 ERROR: <-- (437 ms TIMEOUT -- VTV03) 
Fri Aug  2 18:11:38 2013 ERROR: <-- (437 ms TIMEOUT -- VTV04) 
Fri Aug  2 18:11:38 2013 ERROR: <-- (437 ms TIMEOUT -- VTV11) 
Fri Aug  2 18:11:39 2013 ERROR: <-- (437 ms TIMEOUT -- VTV12) 
Fri Aug  2 18:11:39 2013 ERROR: <-- (437 ms TIMEOUT -- VTV13) 
Fri Aug  2 18:11:40 2013 ERROR: <-- (437 ms TIMEOUT -- VTV14) 
Fri Aug  2 18:11:40 2013 ERROR: <-- (438 ms TIMEOUT -- VE0?) 
Fri Aug  2 18:11:40 2013 ERROR: <-- (437 ms TIMEOUT -- CHY1) 
Fri Aug  2 18:11:41 2013 ERROR: <-- (438 ms TIMEOUT -- CHZ1) 
Fri Aug  2 18:11:41 2013 ERROR: <-- (438 ms TIMEOUT -- EAY1) 
Fri Aug  2 18:11:42 2013 ERROR: <-- (437 ms TIMEOUT -- EAZ1) 
Fri Aug  2 18:11:42 2013 ERROR: <-- (438 ms TIMEOUT -- FRY1) 
Fri Aug  2 18:11:43 2013 ERROR: <-- (438 ms TIMEOUT -- FRZ1) 
Fri Aug  2 18:11:43 2013 ERROR: <-- (438 ms TIMEOUT -- LCY1) 
Fri Aug  2 18:11:44 2013 ERROR: <-- (438 ms TIMEOUT -- LCZ1) 
Fri Aug  2 18:11:44 2013 ERROR: <-- (438 ms TIMEOUT -- MOY1) 
Fri Aug  2 18:11:45 2013 ERROR: <-- (438 ms TIMEOUT -- MOZ1) 
Fri Aug  2 18:11:45 2013 ERROR: <-- (437 ms TIMEOUT -- PTY0) 
Fri Aug  2 18:11:46 2013 ERROR: <-- (438 ms TIMEOUT -- PTZ1) 
Fri Aug  2 18:11:46 2013 ERROR: <-- (438 ms TIMEOUT -- RFY1) 
Fri Aug  2 18:11:46 2013 ERROR: <-- (438 ms TIMEOUT -- RFZ1) 
Fri Aug  2 18:11:47 2013 ERROR: <-- (438 ms TIMEOUT -- NB?) 
Fri Aug  2 18:11:47 2013 ERROR: <-- (438 ms TIMEOUT -- FK?) 
Fri Aug  2 18:11:48 2013 ERROR: <-- (438 ms TIMEOUT -- OP?) 
Fri Aug  2 18:11:48 2013 ERROR: <-- (438 ms TIMEOUT -- CC?) 
Fri Aug  2 18:11:49 2013 ERROR: <-- (438 ms TIMEOUT -- CW?) 
Fri Aug  2 18:11:49 2013 ERROR: <-- (438 ms TIMEOUT -- NM?) 
Fri Aug  2 18:11:50 2013 ERROR: <-- (438 ms TIMEOUT -- RL?) 
Fri Aug  2 18:11:50 2013 ERROR: <-- (437 ms TIMEOUT -- RM?) 
Fri Aug  2 18:11:51 2013 ERROR: <-- (432 ms TIMEOUT -- RH?) 
Fri Aug  2 18:11:51 2013 ERROR: <-- (438 ms TIMEOUT -- SY1?) 
Fri Aug  2 18:11:52 2013 ERROR: <-- (438 ms TIMEOUT -- SY2?) 
Fri Aug  2 18:11:52 2013 ERROR: <-- (438 ms TIMEOUT -- CH?) 
Fri Aug  2 18:11:52 2013 ERROR: <-- (438 ms TIMEOUT -- TU?) 
Fri Aug  2 18:11:53 2013 ERROR: <-- (438 ms TIMEOUT -- PT?) 
Fri Aug  2 18:11:53 2013 ERROR: <-- (438 ms TIMEOUT -- PTT?) 
Fri Aug  2 18:11:54 2013 ERROR: <-- (438 ms TIMEOUT -- RF?) 
Fri Aug  2 18:11:54 2013 ERROR: <-- (438 ms TIMEOUT -- RT?) 
Fri Aug  2 18:11:55 2013 ERROR: <-- (437 ms TIMEOUT -- VE1?) 
Fri Aug  2 18:11:59 2013 ERROR: <-- (4297 ms TIMEOUT -- VE3?) 
Fri Aug  2 18:12:00 2013 ERROR: <-- (437 ms TIMEOUT -- VTV01) 
Fri Aug  2 18:12:00 2013 ERROR: <-- (437 ms TIMEOUT -- VTV02) 
Fri Aug  2 18:12:01 2013 